This is pdfTeX, Version 3.14159265-2.6-1.40.18 (TeX Live 2017/Debian) (preloaded format=pdflatex 2022.3.21)  17 MAY 2022 11:50
entering extended mode
 restricted \write18 enabled.
 %&-line parsing enabled.
**_formulas.tex
(./_formulas.tex
LaTeX2e <2017-04-15>
Babel <3.18> and hyphenation patterns for 5 language(s) loaded.

(/usr/share/texlive/texmf-dist/tex/latex/base/article.cls
Document Class: article 2014/09/29 v1.4h Standard LaTeX document class
(/usr/share/texlive/texmf-dist/tex/latex/base/size10.clo
File: size10.clo 2014/09/29 v1.4h Standard LaTeX file (size option)
)
\c@part=\count79
\c@section=\count80
\c@subsection=\count81
\c@subsubsection=\count82
\c@paragraph=\count83
\c@subparagraph=\count84
\c@figure=\count85
\c@table=\count86
\abovecaptionskip=\skip41
\belowcaptionskip=\skip42
\bibindent=\dimen102
) (/usr/share/texlive/texmf-dist/tex/latex/graphics/epsfig.sty
Package: epsfig 2017/06/25 v1.7b (e)psfig emulation (SPQR)
(/usr/share/texlive/texmf-dist/tex/latex/graphics/graphicx.sty
Package: graphicx 2017/06/01 v1.1a Enhanced LaTeX Graphics (DPC,SPQR)
(/usr/share/texlive/texmf-dist/tex/latex/graphics/keyval.sty
Package: keyval 2014/10/28 v1.15 key=value parser (DPC)
\KV@toks@=\toks14
) (/usr/share/texlive/texmf-dist/tex/latex/graphics/graphics.sty
Package: graphics 2017/06/25 v1.2c Standard LaTeX Graphics (DPC,SPQR)
(/usr/share/texlive/texmf-dist/tex/latex/graphics/trig.sty
Package: trig 2016/01/03 v1.10 sin cos tan (DPC)
) (/usr/share/texlive/texmf-dist/tex/latex/graphics-cfg/graphics.cfg
File: graphics.cfg 2016/06/04 v1.11 sample graphics configuration
)
Package graphics Info: Driver file: pdftex.def on input line 99.
(/usr/share/texlive/texmf-dist/tex/latex/graphics-def/pdftex.def
File: pdftex.def 2018/01/08 v1.0l Graphics/color driver for pdftex
))
\Gin@req@height=\dimen103
\Gin@req@width=\dimen104
)
\epsfxsize=\dimen105
\epsfysize=\dimen106
)
No file _formulas.aux.
\openout1 = `_formulas.aux'.

LaTeX Font Info:    Checking defaults for OML/cmm/m/it on input line 5.
LaTeX Font Info:    ... okay on input line 5.
LaTeX Font Info:    Checking defaults for T1/cmr/m/n on input line 5.
LaTeX Font Info:    ... okay on input line 5.
LaTeX Font Info:    Checking defaults for OT1/cmr/m/n on input line 5.
LaTeX Font Info:    ... okay on input line 5.
LaTeX Font Info:    Checking defaults for OMS/cmsy/m/n on input line 5.
LaTeX Font Info:    ... okay on input line 5.
LaTeX Font Info:    Checking defaults for OMX/cmex/m/n on input line 5.
LaTeX Font Info:    ... okay on input line 5.
LaTeX Font Info:    Checking defaults for U/cmr/m/n on input line 5.
LaTeX Font Info:    ... okay on input line 5.
(/usr/share/texlive/texmf-dist/tex/context/base/mkii/supp-pdf.mkii
[Loading MPS to PDF converter (version 2006.09.02).]
\scratchcounter=\count87
\scratchdimen=\dimen107
\scratchbox=\box26
\nofMPsegments=\count88
\nofMParguments=\count89
\everyMPshowfont=\toks15
\MPscratchCnt=\count90
\MPscratchDim=\dimen108
\MPnumerator=\count91
\makeMPintoPDFobject=\count92
\everyMPtoPDFconversion=\toks16
) (/usr/share/texlive/texmf-dist/tex/latex/oberdiek/epstopdf-base.sty
Package: epstopdf-base 2016/05/15 v2.6 Base part for package epstopdf
(/usr/share/texlive/texmf-dist/tex/generic/oberdiek/infwarerr.sty
Package: infwarerr 2016/05/16 v1.4 Providing info/warning/error messages (HO)
) (/usr/share/texlive/texmf-dist/tex/latex/oberdiek/grfext.sty
Package: grfext 2016/05/16 v1.2 Manage graphics extensions (HO)
(/usr/share/texlive/texmf-dist/tex/generic/oberdiek/kvdefinekeys.sty
Package: kvdefinekeys 2016/05/16 v1.4 Define keys (HO)
(/usr/share/texlive/texmf-dist/tex/generic/oberdiek/ltxcmds.sty
Package: ltxcmds 2016/05/16 v1.23 LaTeX kernel commands for general use (HO)
))) (/usr/share/texlive/texmf-dist/tex/latex/oberdiek/kvoptions.sty
Package: kvoptions 2016/05/16 v3.12 Key value format for package options (HO)
(/usr/share/texlive/texmf-dist/tex/generic/oberdiek/kvsetkeys.sty
Package: kvsetkeys 2016/05/16 v1.17 Key value parser (HO)
(/usr/share/texlive/texmf-dist/tex/generic/oberdiek/etexcmds.sty
Package: etexcmds 2016/05/16 v1.6 Avoid name clashes with e-TeX commands (HO)
(/usr/share/texlive/texmf-dist/tex/generic/oberdiek/ifluatex.sty
Package: ifluatex 2016/05/16 v1.4 Provides the ifluatex switch (HO)
Package ifluatex Info: LuaTeX not detected.
)
Package etexcmds Info: Could not find \expanded.
(etexcmds)             That can mean that you are not using pdfTeX 1.50 or
(etexcmds)             that some package has redefined \expanded.
(etexcmds)             In the latter case, load this package earlier.
))) (/usr/share/texlive/texmf-dist/tex/generic/oberdiek/pdftexcmds.sty
Package: pdftexcmds 2018/01/21 v0.26 Utility functions of pdfTeX for LuaTeX (HO
)
(/usr/share/texlive/texmf-dist/tex/generic/oberdiek/ifpdf.sty
Package: ifpdf 2017/03/15 v3.2 Provides the ifpdf switch
)
Package pdftexcmds Info: LuaTeX not detected.
Package pdftexcmds Info: \pdf@primitive is available.
Package pdftexcmds Info: \pdf@ifprimitive is available.
Package pdftexcmds Info: \pdfdraftmode found.
)
Package epstopdf-base Info: Redefining graphics rule for `.eps' on input line 4
38.
Package grfext Info: Graphics extension search list:
(grfext)             [.pdf,.png,.jpg,.mps,.jpeg,.jbig2,.jb2,.PDF,.PNG,.JPG,.JPE
G,.JBIG2,.JB2,.eps]
(grfext)             \AppendGraphicsExtensions on input line 456.
(/usr/share/texlive/texmf-dist/tex/latex/latexconfig/epstopdf-sys.cfg
File: epstopdf-sys.cfg 2010/07/13 v1.3 Configuration of (r)epstopdf for TeX Liv
e
))
LaTeX Font Info:    External font `cmex10' loaded for size
(Font)              <7> on input line 6.
LaTeX Font Info:    External font `cmex10' loaded for size
(Font)              <5> on input line 6.
[1

{/var/lib/texmf/fonts/map/pdftex/updmap/pdftex.map}]
Overfull \hbox (49.06276pt too wide) detected at line 9
\OML/cmm/m/it/10 i[][] \OT1/cmr/m/n/10 = [] \OML/cmm/m/it/10  \OT1/cmr/m/n/10 (
\OML/cmm/m/it/10 x; y; z; t\OT1/cmr/m/n/10 )
 []

[2] [3] [4] [5]
Overfull \hbox (11.62521pt too wide) detected at line 21
\OML/cmm/m/it/10 i[] \OT1/cmr/m/n/10 = [] \OML/cmm/m/it/10  \OT1/cmr/m/n/10 (\O
ML/cmm/m/it/10 x; y; z; t\OT1/cmr/m/n/10 )
 []

[6] [7] [8] [9] [10] [11] [12] [13] [14] [15]

! LaTeX Error: Environment bmatrix undefined.

See the LaTeX manual or LaTeX Companion for explanation.
Type  H <return>  for immediate help.
 ...                                              
                                                  
l.51 \[ \begin{bmatrix}
                        u \\ v \end{bmatrix} = \begin{bmatrix} -\frac{\nabla...

Your command was ignored.
Type  I <command> <return>  to replace it with another command,
or  <return>  to continue without it.


! LaTeX Error: \begin{document} ended by \end{bmatrix}.

See the LaTeX manual or LaTeX Companion for explanation.
Type  H <return>  for immediate help.
 ...                                              
                                                  
l.51 \[ \begin{bmatrix} u \\ v \end{bmatrix}
                                             = \begin{bmatrix} -\frac{\nabla...

Your command was ignored.
Type  I <command> <return>  to replace it with another command,
or  <return>  to continue without it.


! LaTeX Error: Environment bmatrix undefined.

See the LaTeX manual or LaTeX Companion for explanation.
Type  H <return>  for immediate help.
 ...                                              
                                                  
l.51 ...ix} u \\ v \end{bmatrix} = \begin{bmatrix}
                                                   -\frac{\nabla^2}{2} + V_{...

Your command was ignored.
Type  I <command> <return>  to replace it with another command,
or  <return>  to continue without it.

! Misplaced alignment tab character &.
l.51 ...{ext}({\bf r}) + 4\pi a |\psi_0|^2 - \mu &
                                                   4\pi a \psi_0^2 \\ - 4\pi...
I can't figure out why you would want to use a tab mark
here. If you just want an ampersand, the remedy is
simple: Just type `I\&' now. But if some right brace
up above has ended a previous alignment prematurely,
you're probably due for more error messages, and you
might try typing `S' now just to see what is salvageable.

! Misplaced alignment tab character &.
l.51 ...4\pi a \psi_0^2 \\ - 4\pi a (\psi_0^*)^2 &
                                                   -\left(-\frac{\nabla^2}{2...
I can't figure out why you would want to use a tab mark
here. If you just want an ampersand, the remedy is
simple: Just type `I\&' now. But if some right brace
up above has ended a previous alignment prematurely,
you're probably due for more error messages, and you
might try typing `S' now just to see what is salvageable.


! LaTeX Error: \begin{document} ended by \end{bmatrix}.

See the LaTeX manual or LaTeX Companion for explanation.
Type  H <return>  for immediate help.
 ...                                              
                                                  
l.51 ... \pi a |\psi_0|^2-\mu\right) \end{bmatrix}
                                                   \begin{bmatrix} u \\ v \e...

Your command was ignored.
Type  I <command> <return>  to replace it with another command,
or  <return>  to continue without it.


! LaTeX Error: Environment bmatrix undefined.

See the LaTeX manual or LaTeX Companion for explanation.
Type  H <return>  for immediate help.
 ...                                              
                                                  
l.51 ...2-\mu\right) \end{bmatrix} \begin{bmatrix}
                                                   u \\ v \end{bmatrix} \]
Your command was ignored.
Type  I <command> <return>  to replace it with another command,
or  <return>  to continue without it.


! LaTeX Error: \begin{document} ended by \end{bmatrix}.

See the LaTeX manual or LaTeX Companion for explanation.
Type  H <return>  for immediate help.
 ...                                              
                                                  
l.51 ...trix} \begin{bmatrix} u \\ v \end{bmatrix}
                                                   \]
Your command was ignored.
Type  I <command> <return>  to replace it with another command,
or  <return>  to continue without it.


Overfull \hbox (43.1341pt too wide) detected at line 51
\OML/cmm/m/it/10 u[] v \OT1/cmr/m/n/10 = \OMS/cmsy/m/n/10 ^^@[] \OT1/cmr/m/n/10
 + \OML/cmm/m/it/10 V[]\OT1/cmr/m/n/10 (\OT1/cmr/bx/n/10 r\OT1/cmr/m/n/10 ) + 4
\OML/cmm/m/it/10 ^^Ya\OMS/cmsy/m/n/10 j\OML/cmm/m/it/10  []\OMS/cmsy/m/n/10 j[]
 ^^@ \OML/cmm/m/it/10 ^^V\OT1/cmr/m/n/10 4\OML/cmm/m/it/10 ^^Ya [][]  \OMS/cmsy
/m/n/10 ^^@ \OT1/cmr/m/n/10 4\OML/cmm/m/it/10 ^^Ya\OT1/cmr/m/n/10 (\OML/cmm/m/i
t/10  []\OT1/cmr/m/n/10 )[] \OMS/cmsy/m/n/10 ^^@ [] \OML/cmm/m/it/10 u[] v
 []

[16]

! LaTeX Error: Environment align undefined.

See the LaTeX manual or LaTeX Companion for explanation.
Type  H <return>  for immediate help.
 ...                                              
                                                  
l.54 \[ \begin{align}
                      & \hat{H}\hat{X} (u+v) = (\hbar\omega)^2 (u+v) \nonumb...

Your command was ignored.
Type  I <command> <return>  to replace it with another command,
or  <return>  to continue without it.

! Misplaced alignment tab character &.
l.54 \[ \begin{align} &
                        \hat{H}\hat{X} (u+v) = (\hbar\omega)^2 (u+v) \nonumb...
I can't figure out why you would want to use a tab mark
here. If you just want an ampersand, the remedy is
simple: Just type `I\&' now. But if some right brace
up above has ended a previous alignment prematurely,
you're probably due for more error messages, and you
might try typing `S' now just to see what is salvageable.

! Misplaced alignment tab character &.
<recently read> &
                 
l.54 ...+v) = (\hbar\omega)^2 (u+v) \nonumber \\ &
                                                   \hat{X}\hat{H} (u-v) = (\...
I can't figure out why you would want to use a tab mark
here. If you just want an ampersand, the remedy is
simple: Just type `I\&' now. But if some right brace
up above has ended a previous alignment prematurely,
you're probably due for more error messages, and you
might try typing `S' now just to see what is salvageable.


! LaTeX Error: \begin{document} ended by \end{align}.

See the LaTeX manual or LaTeX Companion for explanation.
Type  H <return>  for immediate help.
 ...                                              
                                                  
l.54 ...ar\omega)^2 (u-v) \nonumber \\ \end{align}
                                                   \]
Your command was ignored.
Type  I <command> <return>  to replace it with another command,
or  <return>  to continue without it.

[17]

! LaTeX Error: Environment align undefined.

See the LaTeX manual or LaTeX Companion for explanation.
Type  H <return>  for immediate help.
 ...                                              
                                                  
l.57 \[ \begin{align}
                      & \hat{H} = -\frac{\nabla^2}{2} + V_{ext}({\bf r}) + 4...

Your command was ignored.
Type  I <command> <return>  to replace it with another command,
or  <return>  to continue without it.

! Misplaced alignment tab character &.
l.57 \[ \begin{align} &
                        \hat{H} = -\frac{\nabla^2}{2} + V_{ext}({\bf r}) + 4...
I can't figure out why you would want to use a tab mark
here. If you just want an ampersand, the remedy is
simple: Just type `I\&' now. But if some right brace
up above has ended a previous alignment prematurely,
you're probably due for more error messages, and you
might try typing `S' now just to see what is salvageable.

! Misplaced alignment tab character &.
<recently read> &
                 
l.57 ...) + 4 \pi a |\psi_0|^2 - \mu\nonumber \\ &
                                                   \hat{X} = -\frac{\nabla^2...
I can't figure out why you would want to use a tab mark
here. If you just want an ampersand, the remedy is
simple: Just type `I\&' now. But if some right brace
up above has ended a previous alignment prematurely,
you're probably due for more error messages, and you
might try typing `S' now just to see what is salvageable.


! LaTeX Error: \begin{document} ended by \end{align}.

See the LaTeX manual or LaTeX Companion for explanation.
Type  H <return>  for immediate help.
 ...                                              
                                                  
l.57 ... |\psi_0|^2 - \mu \nonumber \\ \end{align}
                                                   \]
Your command was ignored.
Type  I <command> <return>  to replace it with another command,
or  <return>  to continue without it.

[18] [19] [20] [21] [22]

! LaTeX Error: Environment align undefined.

See the LaTeX manual or LaTeX Companion for explanation.
Type  H <return>  for immediate help.
 ...                                              
                                                  
l.72 \[ \begin{align}
                      & \delta n({\bf r}) = (u({\bf r}) + v({\bf r}))\psi_0(...

Your command was ignored.
Type  I <command> <return>  to replace it with another command,
or  <return>  to continue without it.

! Misplaced alignment tab character &.
l.72 \[ \begin{align} &
                        \delta n({\bf r}) = (u({\bf r}) + v({\bf r}))\psi_0(...
I can't figure out why you would want to use a tab mark
here. If you just want an ampersand, the remedy is
simple: Just type `I\&' now. But if some right brace
up above has ended a previous alignment prematurely,
you're probably due for more error messages, and you
might try typing `S' now just to see what is salvageable.

! Misplaced alignment tab character &.
<recently read> &
                 
l.72 ... v({\bf r}))\psi_0({\bf r}) \nonumber \\ &
                                                   \delta \phi({\bf r}) = (u...
I can't figure out why you would want to use a tab mark
here. If you just want an ampersand, the remedy is
simple: Just type `I\&' now. But if some right brace
up above has ended a previous alignment prematurely,
you're probably due for more error messages, and you
might try typing `S' now just to see what is salvageable.


! LaTeX Error: \begin{document} ended by \end{align}.

See the LaTeX manual or LaTeX Companion for explanation.
Type  H <return>  for immediate help.
 ...                                              
                                                  
l.72 ...)/\psi_0({\bf r}) \nonumber \\ \end{align}
                                                   \]
Your command was ignored.
Type  I <command> <return>  to replace it with another command,
or  <return>  to continue without it.

[23] [24] [25] [26] [27] [28] [29] [30] [31] [32]

! LaTeX Error: Environment align undefined.

See the LaTeX manual or LaTeX Companion for explanation.
Type  H <return>  for immediate help.
 ...                                              
                                                  
l.102 \[ \begin{align}
                       &i\hbar\frac{\partial}{\partial t} \Psi({\bf r},t)= \...

Your command was ignored.
Type  I <command> <return>  to replace it with another command,
or  <return>  to continue without it.

! Misplaced alignment tab character &.
l.102 \[ \begin{align} &
                        i\hbar\frac{\partial}{\partial t} \Psi({\bf r},t)= \...
I can't figure out why you would want to use a tab mark
here. If you just want an ampersand, the remedy is
simple: Just type `I\&' now. But if some right brace
up above has ended a previous alignment prematurely,
you're probably due for more error messages, and you
might try typing `S' now just to see what is salvageable.


! LaTeX Error: \begin{document} ended by \end{align}.

See the LaTeX manual or LaTeX Companion for explanation.
Type  H <return>  for immediate help.
 ...                                              
                                                  
l.102 ...({\bf r})\,\Psi({\bf r},t)\,, \end{align}
                                                   \]
Your command was ignored.
Type  I <command> <return>  to replace it with another command,
or  <return>  to continue without it.

[33] [34]

! LaTeX Error: Environment align undefined.

See the LaTeX manual or LaTeX Companion for explanation.
Type  H <return>  for immediate help.
 ...                                              
                                                  
l.108 \[ \begin{align}
                       \mathcal{H}({\bf r})=-&\frac{\hbar^2}{2m}\nabla^2+V_{...

Your command was ignored.
Type  I <command> <return>  to replace it with another command,
or  <return>  to continue without it.

! Misplaced alignment tab character &.
l.108 \[ \begin{align} \mathcal{H}({\bf r})=-&
                                              \frac{\hbar^2}{2m}\nabla^2+V_{...
I can't figure out why you would want to use a tab mark
here. If you just want an ampersand, the remedy is
simple: Just type `I\&' now. But if some right brace
up above has ended a previous alignment prematurely,
you're probably due for more error messages, and you
might try typing `S' now just to see what is salvageable.

! Misplaced alignment tab character &.
l.108 ...on_{dd})|\Psi({\bf r},t)|^3\nonumber\\ +&
                                                   \int d{\bf r'}V_{dd}({\bf...
I can't figure out why you would want to use a tab mark
here. If you just want an ampersand, the remedy is
simple: Just type `I\&' now. But if some right brace
up above has ended a previous alignment prematurely,
you're probably due for more error messages, and you
might try typing `S' now just to see what is salvageable.


! LaTeX Error: \begin{document} ended by \end{align}.

See the LaTeX manual or LaTeX Companion for explanation.
Type  H <return>  for immediate help.
 ...                                              
                                                  
l.108 ...f r'})|\Psi({\bf r'},t)|^2\,, \end{align}
                                                   \]
Your command was ignored.
Type  I <command> <return>  to replace it with another command,
or  <return>  to continue without it.


Overfull \hbox (8.45709pt too wide) detected at line 108
\OMS/cmsy/m/n/10 H\OT1/cmr/m/n/10 (\OT1/cmr/bx/n/10 r\OT1/cmr/m/n/10 ) = \OMS/c
msy/m/n/10 ^^@[]r[] \OT1/cmr/m/n/10 + \OML/cmm/m/it/10 V[]\OT1/cmr/m/n/10 (\OT1
/cmr/bx/n/10 r\OT1/cmr/m/n/10 ) + \OML/cmm/m/it/10 g\OMS/cmsy/m/n/10 j\OT1/cmr/
m/n/10 	(\OT1/cmr/bx/n/10 r\OML/cmm/m/it/10 ; t\OT1/cmr/m/n/10 )\OMS/cmsy/m/n/1
0 j[] \OT1/cmr/m/n/10 + \OML/cmm/m/it/10 ^^M\OT1/cmr/m/n/10 (\OML/cmm/m/it/10 "
[]\OT1/cmr/m/n/10 )\OMS/cmsy/m/n/10 j\OT1/cmr/m/n/10 	(\OT1/cmr/bx/n/10 r\OML/c
mm/m/it/10 ; t\OT1/cmr/m/n/10 )\OMS/cmsy/m/n/10 j[][]  \OT1/cmr/m/n/10 + [] \OM
L/cmm/m/it/10 d[]V[]\OT1/cmr/m/n/10 (\OT1/cmr/bx/n/10 r \OMS/cmsy/m/n/10 ^^@ []
\OT1/cmr/m/n/10 )\OMS/cmsy/m/n/10 j\OT1/cmr/m/n/10 	([]\OML/cmm/m/it/10 ; t\OT1
/cmr/m/n/10 )\OMS/cmsy/m/n/10 j[] \OML/cmm/m/it/10 ;
 []

[35] [36] [37] [38] [39] [40] [41]

! LaTeX Error: Environment bmatrix undefined.

See the LaTeX manual or LaTeX Companion for explanation.
Type  H <return>  for immediate help.
 ...                                              
                                                  
l.129 \[ \begin{bmatrix}
                         u \\ v \end{bmatrix} = \begin{bmatrix} \hat{H}-\mu+...

Your command was ignored.
Type  I <command> <return>  to replace it with another command,
or  <return>  to continue without it.


! LaTeX Error: \begin{document} ended by \end{bmatrix}.

See the LaTeX manual or LaTeX Companion for explanation.
Type  H <return>  for immediate help.
 ...                                              
                                                  
l.129 \[ \begin{bmatrix} u \\ v \end{bmatrix}
                                              = \begin{bmatrix} \hat{H}-\mu+...

Your command was ignored.
Type  I <command> <return>  to replace it with another command,
or  <return>  to continue without it.


! LaTeX Error: Environment bmatrix undefined.

See the LaTeX manual or LaTeX Companion for explanation.
Type  H <return>  for immediate help.
 ...                                              
                                                  
l.129 ...x} u \\ v \end{bmatrix} = \begin{bmatrix}
                                                   \hat{H}-\mu+\hat{X} & \ha...

Your command was ignored.
Type  I <command> <return>  to replace it with another command,
or  <return>  to continue without it.

! Misplaced alignment tab character &.
l.129 ...} = \begin{bmatrix} \hat{H}-\mu+\hat{X} &
                                                   \hat{X}^\dagger \\ -\hat{...
I can't figure out why you would want to use a tab mark
here. If you just want an ampersand, the remedy is
simple: Just type `I\&' now. But if some right brace
up above has ended a previous alignment prematurely,
you're probably due for more error messages, and you
might try typing `S' now just to see what is salvageable.

! Misplaced alignment tab character &.
l.129 ...u+\hat{X} & \hat{X}^\dagger \\ -\hat{X} &
                                                   -(\hat{H}-\mu+\hat{X}^\da...
I can't figure out why you would want to use a tab mark
here. If you just want an ampersand, the remedy is
simple: Just type `I\&' now. But if some right brace
up above has ended a previous alignment prematurely,
you're probably due for more error messages, and you
might try typing `S' now just to see what is salvageable.


! LaTeX Error: \begin{document} ended by \end{bmatrix}.

See the LaTeX manual or LaTeX Companion for explanation.
Type  H <return>  for immediate help.
 ...                                              
                                                  
l.129 ...hat{H}-\mu+\hat{X}^\dagger) \end{bmatrix}
                                                   \begin{bmatrix} u \\ v \e...

Your command was ignored.
Type  I <command> <return>  to replace it with another command,
or  <return>  to continue without it.


! LaTeX Error: Environment bmatrix undefined.

See the LaTeX manual or LaTeX Companion for explanation.
Type  H <return>  for immediate help.
 ...                                              
                                                  
l.129 ...X}^\dagger) \end{bmatrix} \begin{bmatrix}
                                                   u \\ v \end{bmatrix} \]
Your command was ignored.
Type  I <command> <return>  to replace it with another command,
or  <return>  to continue without it.


! LaTeX Error: \begin{document} ended by \end{bmatrix}.

See the LaTeX manual or LaTeX Companion for explanation.
Type  H <return>  for immediate help.
 ...                                              
                                                  
l.129 ...rix} \begin{bmatrix} u \\ v \end{bmatrix}
                                                   \]
Your command was ignored.
Type  I <command> <return>  to replace it with another command,
or  <return>  to continue without it.

[42] [43] [44]

! LaTeX Error: Environment align undefined.

See the LaTeX manual or LaTeX Companion for explanation.
Type  H <return>  for immediate help.
 ...                                              
                                                  
l.138 \[ \begin{align}
                       & (\hat{H}-\mu)(\hat{H}-\mu+2\hat{X}) (u+v) = (\hbar\...

Your command was ignored.
Type  I <command> <return>  to replace it with another command,
or  <return>  to continue without it.

! Misplaced alignment tab character &.
l.138 \[ \begin{align} &
                         (\hat{H}-\mu)(\hat{H}-\mu+2\hat{X}) (u+v) = (\hbar\...
I can't figure out why you would want to use a tab mark
here. If you just want an ampersand, the remedy is
simple: Just type `I\&' now. But if some right brace
up above has ended a previous alignment prematurely,
you're probably due for more error messages, and you
might try typing `S' now just to see what is salvageable.

! Misplaced alignment tab character &.
<recently read> &
                 
l.138 ...v) = (\hbar\omega)^2 (u+v) \nonumber \\ &
                                                   (\hat{H}-\mu+2\hat{X})(\h...
I can't figure out why you would want to use a tab mark
here. If you just want an ampersand, the remedy is
simple: Just type `I\&' now. But if some right brace
up above has ended a previous alignment prematurely,
you're probably due for more error messages, and you
might try typing `S' now just to see what is salvageable.


! LaTeX Error: \begin{document} ended by \end{align}.

See the LaTeX manual or LaTeX Companion for explanation.
Type  H <return>  for immediate help.
 ...                                              
                                                  
l.138 ...r\omega)^2 (u-v) \nonumber \\ \end{align}
                                                   \]
Your command was ignored.
Type  I <command> <return>  to replace it with another command,
or  <return>  to continue without it.


Overfull \hbox (3.34784pt too wide) detected at line 138
\OT1/cmr/m/n/10 ([] \OMS/cmsy/m/n/10 ^^@ \OML/cmm/m/it/10 ^^V\OT1/cmr/m/n/10 )(
[] \OMS/cmsy/m/n/10 ^^@ \OML/cmm/m/it/10 ^^V \OT1/cmr/m/n/10 + 2[])(\OML/cmm/m/
it/10 u \OT1/cmr/m/n/10 + \OML/cmm/m/it/10 v\OT1/cmr/m/n/10 ) = ([]\OML/cmm/m/i
t/10 !\OT1/cmr/m/n/10 )[](\OML/cmm/m/it/10 u \OT1/cmr/m/n/10 + \OML/cmm/m/it/10
 v\OT1/cmr/m/n/10 )[] ([] \OMS/cmsy/m/n/10 ^^@ \OML/cmm/m/it/10 ^^V \OT1/cmr/m/
n/10 + 2[])([] \OMS/cmsy/m/n/10 ^^@ \OML/cmm/m/it/10 ^^V\OT1/cmr/m/n/10 )(\OML/
cmm/m/it/10 u \OMS/cmsy/m/n/10 ^^@ \OML/cmm/m/it/10 v\OT1/cmr/m/n/10 ) = ([]\OM
L/cmm/m/it/10 !\OT1/cmr/m/n/10 )[](\OML/cmm/m/it/10 u \OMS/cmsy/m/n/10 ^^@ \OML
/cmm/m/it/10 v\OT1/cmr/m/n/10 )[] 
 []

[45] [46] [47]

! LaTeX Error: Environment bmatrix undefined.

See the LaTeX manual or LaTeX Companion for explanation.
Type  H <return>  for immediate help.
 ...                                              
                                                  
l.147 \[ \begin{bmatrix}
                         u \\ v \end{bmatrix} = \begin{bmatrix} -\frac{\hbar...

Your command was ignored.
Type  I <command> <return>  to replace it with another command,
or  <return>  to continue without it.


! LaTeX Error: \begin{document} ended by \end{bmatrix}.

See the LaTeX manual or LaTeX Companion for explanation.
Type  H <return>  for immediate help.
 ...                                              
                                                  
l.147 \[ \begin{bmatrix} u \\ v \end{bmatrix}
                                              = \begin{bmatrix} -\frac{\hbar...

Your command was ignored.
Type  I <command> <return>  to replace it with another command,
or  <return>  to continue without it.


! LaTeX Error: Environment bmatrix undefined.

See the LaTeX manual or LaTeX Companion for explanation.
Type  H <return>  for immediate help.
 ...                                              
                                                  
l.147 ...x} u \\ v \end{bmatrix} = \begin{bmatrix}
                                                   -\frac{\hbar^2}{2m}\nabla...

Your command was ignored.
Type  I <command> <return>  to replace it with another command,
or  <return>  to continue without it.

! Misplaced alignment tab character &.
l.147 ...+ V_{ext}({\bf r}) + g |\psi_0|^2 - \mu &
                                                   g \psi_0^2 \\ - g (\psi_0...
I can't figure out why you would want to use a tab mark
here. If you just want an ampersand, the remedy is
simple: Just type `I\&' now. But if some right brace
up above has ended a previous alignment prematurely,
you're probably due for more error messages, and you
might try typing `S' now just to see what is salvageable.

! Misplaced alignment tab character &.
l.147 ...^2 - \mu & g \psi_0^2 \\ - g (\psi_0)^2 &
                                                   -\left(-\frac{\hbar^2}{2m...
I can't figure out why you would want to use a tab mark
here. If you just want an ampersand, the remedy is
simple: Just type `I\&' now. But if some right brace
up above has ended a previous alignment prematurely,
you're probably due for more error messages, and you
might try typing `S' now just to see what is salvageable.


! LaTeX Error: \begin{document} ended by \end{bmatrix}.

See the LaTeX manual or LaTeX Companion for explanation.
Type  H <return>  for immediate help.
 ...                                              
                                                  
l.147 ...) + g |\psi_0|^2-\mu\right) \end{bmatrix}
                                                   \begin{bmatrix} u \\ v \e...

Your command was ignored.
Type  I <command> <return>  to replace it with another command,
or  <return>  to continue without it.


! LaTeX Error: Environment bmatrix undefined.

See the LaTeX manual or LaTeX Companion for explanation.
Type  H <return>  for immediate help.
 ...                                              
                                                  
l.147 ...-\mu\right) \end{bmatrix} \begin{bmatrix}
                                                   u \\ v \end{bmatrix} \]
Your command was ignored.
Type  I <command> <return>  to replace it with another command,
or  <return>  to continue without it.


! LaTeX Error: \begin{document} ended by \end{bmatrix}.

See the LaTeX manual or LaTeX Companion for explanation.
Type  H <return>  for immediate help.
 ...                                              
                                                  
l.147 ...rix} \begin{bmatrix} u \\ v \end{bmatrix}
                                                   \]
Your command was ignored.
Type  I <command> <return>  to replace it with another command,
or  <return>  to continue without it.


Overfull \hbox (25.35855pt too wide) detected at line 147
\OML/cmm/m/it/10 u[] v \OT1/cmr/m/n/10 = \OMS/cmsy/m/n/10 ^^@[]r[] \OT1/cmr/m/n
/10 + \OML/cmm/m/it/10 V[]\OT1/cmr/m/n/10 (\OT1/cmr/bx/n/10 r\OT1/cmr/m/n/10 ) 
+ \OML/cmm/m/it/10 g\OMS/cmsy/m/n/10 j\OML/cmm/m/it/10  []\OMS/cmsy/m/n/10 j[] 
^^@ \OML/cmm/m/it/10 ^^Vg [][]  \OMS/cmsy/m/n/10 ^^@ \OML/cmm/m/it/10 g\OT1/cmr
/m/n/10 (\OML/cmm/m/it/10  []\OT1/cmr/m/n/10 )[] \OMS/cmsy/m/n/10 ^^@ [] \OML/c
mm/m/it/10 u[] v
 []

[48]

! LaTeX Error: Environment align undefined.

See the LaTeX manual or LaTeX Companion for explanation.
Type  H <return>  for immediate help.
 ...                                              
                                                  
l.150 \[ \begin{align}
                       & \hat{H} = -\frac{\hbar^2}{2m}\nabla^2 + V_{ext}({\b...

Your command was ignored.
Type  I <command> <return>  to replace it with another command,
or  <return>  to continue without it.

! Misplaced alignment tab character &.
l.150 \[ \begin{align} &
                         \hat{H} = -\frac{\hbar^2}{2m}\nabla^2 + V_{ext}({\b...
I can't figure out why you would want to use a tab mark
here. If you just want an ampersand, the remedy is
simple: Just type `I\&' now. But if some right brace
up above has ended a previous alignment prematurely,
you're probably due for more error messages, and you
might try typing `S' now just to see what is salvageable.

! Misplaced alignment tab character &.
<recently read> &
                 
l.150 ...bf r}) + g |\psi_0|^2 - \mu\nonumber \\ &
                                                   \hat{X} = -\frac{\hbar^2}...
I can't figure out why you would want to use a tab mark
here. If you just want an ampersand, the remedy is
simple: Just type `I\&' now. But if some right brace
up above has ended a previous alignment prematurely,
you're probably due for more error messages, and you
might try typing `S' now just to see what is salvageable.


! LaTeX Error: \begin{document} ended by \end{align}.

See the LaTeX manual or LaTeX Companion for explanation.
Type  H <return>  for immediate help.
 ...                                              
                                                  
l.150 ...|\psi_0|^2 - \mu \nonumber \\ \end{align}
                                                   \]
Your command was ignored.
Type  I <command> <return>  to replace it with another command,
or  <return>  to continue without it.

[49] [50] [51] [52]

! LaTeX Error: Environment bmatrix undefined.

See the LaTeX manual or LaTeX Companion for explanation.
Type  H <return>  for immediate help.
 ...                                              
                                                  
l.162 \[ \begin{bmatrix}
                         u \\ v \end{bmatrix} = \begin{bmatrix} -\frac{\hbar...

Your command was ignored.
Type  I <command> <return>  to replace it with another command,
or  <return>  to continue without it.


! LaTeX Error: \begin{document} ended by \end{bmatrix}.

See the LaTeX manual or LaTeX Companion for explanation.
Type  H <return>  for immediate help.
 ...                                              
                                                  
l.162 \[ \begin{bmatrix} u \\ v \end{bmatrix}
                                              = \begin{bmatrix} -\frac{\hbar...

Your command was ignored.
Type  I <command> <return>  to replace it with another command,
or  <return>  to continue without it.


! LaTeX Error: Environment bmatrix undefined.

See the LaTeX manual or LaTeX Companion for explanation.
Type  H <return>  for immediate help.
 ...                                              
                                                  
l.162 ...x} u \\ v \end{bmatrix} = \begin{bmatrix}
                                                   -\frac{\hbar^2}{2m}\nabla...

Your command was ignored.
Type  I <command> <return>  to replace it with another command,
or  <return>  to continue without it.

! Misplaced alignment tab character &.
l.162 ...+ V_{ext}({\bf r}) + g |\psi_0|^2 - \mu &
                                                   g \psi_0^2 \\ - g (\psi_0...
I can't figure out why you would want to use a tab mark
here. If you just want an ampersand, the remedy is
simple: Just type `I\&' now. But if some right brace
up above has ended a previous alignment prematurely,
you're probably due for more error messages, and you
might try typing `S' now just to see what is salvageable.

! Misplaced alignment tab character &.
l.162 ... - \mu & g \psi_0^2 \\ - g (\psi_0^*)^2 &
                                                   -\left(-\frac{\hbar^2}{2m...
I can't figure out why you would want to use a tab mark
here. If you just want an ampersand, the remedy is
simple: Just type `I\&' now. But if some right brace
up above has ended a previous alignment prematurely,
you're probably due for more error messages, and you
might try typing `S' now just to see what is salvageable.


! LaTeX Error: \begin{document} ended by \end{bmatrix}.

See the LaTeX manual or LaTeX Companion for explanation.
Type  H <return>  for immediate help.
 ...                                              
                                                  
l.162 ...) + g |\psi_0|^2-\mu\right) \end{bmatrix}
                                                   \begin{bmatrix} u \\ v \e...

Your command was ignored.
Type  I <command> <return>  to replace it with another command,
or  <return>  to continue without it.


! LaTeX Error: Environment bmatrix undefined.

See the LaTeX manual or LaTeX Companion for explanation.
Type  H <return>  for immediate help.
 ...                                              
                                                  
l.162 ...-\mu\right) \end{bmatrix} \begin{bmatrix}
                                                   u \\ v \end{bmatrix} \]
Your command was ignored.
Type  I <command> <return>  to replace it with another command,
or  <return>  to continue without it.


! LaTeX Error: \begin{document} ended by \end{bmatrix}.

See the LaTeX manual or LaTeX Companion for explanation.
Type  H <return>  for immediate help.
 ...                                              
                                                  
l.162 ...rix} \begin{bmatrix} u \\ v \end{bmatrix}
                                                   \]
Your command was ignored.
Type  I <command> <return>  to replace it with another command,
or  <return>  to continue without it.


Overfull \hbox (25.82843pt too wide) detected at line 162
\OML/cmm/m/it/10 u[] v \OT1/cmr/m/n/10 = \OMS/cmsy/m/n/10 ^^@[]r[] \OT1/cmr/m/n
/10 + \OML/cmm/m/it/10 V[]\OT1/cmr/m/n/10 (\OT1/cmr/bx/n/10 r\OT1/cmr/m/n/10 ) 
+ \OML/cmm/m/it/10 g\OMS/cmsy/m/n/10 j\OML/cmm/m/it/10  []\OMS/cmsy/m/n/10 j[] 
^^@ \OML/cmm/m/it/10 ^^Vg [][]  \OMS/cmsy/m/n/10 ^^@ \OML/cmm/m/it/10 g\OT1/cmr
/m/n/10 (\OML/cmm/m/it/10  []\OT1/cmr/m/n/10 )[] \OMS/cmsy/m/n/10 ^^@ [] \OML/c
mm/m/it/10 u[] v
 []

[53] [54] [55] [56] [57] [58] [59] [60] [61] [62] [63]
Missing character: There is no â in font cmr10!
Missing character: There is no ˆ in font cmr10!
Missing character: There is no ’ in font cmr10!
[64] [65] [66] [67] [68] [69] [70] [71] [72] [73] [74] [75] [76] [77] [78] [79]
[80] [81] [82] [83] [84] [85] [86]
! Undefined control sequence.
l.264 \[ y' = \text
                   {A} y + \text{B} y \]
The control sequence at the end of the top line
of your error message was never \def'ed. If you have
misspelled it (e.g., `\hobx'), type `I' and the correct
spelling (e.g., `I\hbox'). Otherwise just continue,
and I'll forget about whatever was undefined.

! Undefined control sequence.
l.264 \[ y' = \text{A} y + \text
                                {B} y \]
The control sequence at the end of the top line
of your error message was never \def'ed. If you have
misspelled it (e.g., `\hobx'), type `I' and the correct
spelling (e.g., `I\hbox'). Otherwise just continue,
and I'll forget about whatever was undefined.

[87] [88] [89] [90]

! LaTeX Error: Environment align undefined.

See the LaTeX manual or LaTeX Companion for explanation.
Type  H <return>  for immediate help.
 ...                                              
                                                  
l.276 \[ \begin{align}
                       & \text{For} \quad n=0,1,\dots,\text{number_of_time_s...

Your command was ignored.
Type  I <command> <return>  to replace it with another command,
or  <return>  to continue without it.

! Misplaced alignment tab character &.
l.276 \[ \begin{align} &
                         \text{For} \quad n=0,1,\dots,\text{number_of_time_s...
I can't figure out why you would want to use a tab mark
here. If you just want an ampersand, the remedy is
simple: Just type `I\&' now. But if some right brace
up above has ended a previous alignment prematurely,
you're probably due for more error messages, and you
might try typing `S' now just to see what is salvageable.

! Undefined control sequence.
l.276 \[ \begin{align} & \text
                              {For} \quad n=0,1,\dots,\text{number_of_time_s...
The control sequence at the end of the top line
of your error message was never \def'ed. If you have
misspelled it (e.g., `\hobx'), type `I' and the correct
spelling (e.g., `I\hbox'). Otherwise just continue,
and I'll forget about whatever was undefined.

! Undefined control sequence.
l.276 ...ign} & \text{For} \quad n=0,1,\dots,\text
                                                  {number_of_time_steps} \no...
The control sequence at the end of the top line
of your error message was never \def'ed. If you have
misspelled it (e.g., `\hobx'), type `I' and the correct
spelling (e.g., `I\hbox'). Otherwise just continue,
and I'll forget about whatever was undefined.

! Misplaced alignment tab character &.
<recently read> &
                 
l.276 ...text{number_of_time_steps} \nonumber \\ &
                                                   \text{Step 1: solve} \qua...
I can't figure out why you would want to use a tab mark
here. If you just want an ampersand, the remedy is
simple: Just type `I\&' now. But if some right brace
up above has ended a previous alignment prematurely,
you're probably due for more error messages, and you
might try typing `S' now just to see what is salvageable.

! Undefined control sequence.
l.276 ...umber_of_time_steps} \nonumber \\ & \text
                                                  {Step 1: solve} \quad y'_1...
The control sequence at the end of the top line
of your error message was never \def'ed. If you have
misspelled it (e.g., `\hobx'), type `I' and the correct
spelling (e.g., `I\hbox'). Otherwise just continue,
and I'll forget about whatever was undefined.

! Undefined control sequence.
l.276 ...& \text{Step 1: solve} \quad y'_1 = \text
                                                  {A}y_1 \quad \text{in} \qu...
The control sequence at the end of the top line
of your error message was never \def'ed. If you have
misspelled it (e.g., `\hobx'), type `I' and the correct
spelling (e.g., `I\hbox'). Otherwise just continue,
and I'll forget about whatever was undefined.

! Undefined control sequence.
l.276 ...lve} \quad y'_1 = \text{A}y_1 \quad \text
                                                  {in} \quad [t_n,t_n+\Delta...
The control sequence at the end of the top line
of your error message was never \def'ed. If you have
misspelled it (e.g., `\hobx'), type `I' and the correct
spelling (e.g., `I\hbox'). Otherwise just continue,
and I'll forget about whatever was undefined.

! Undefined control sequence.
l.276 ...{in} \quad [t_n,t_n+\Delta t] \quad \text
                                                  {for} \quad y_1(0)=y(t_n) ...
The control sequence at the end of the top line
of your error message was never \def'ed. If you have
misspelled it (e.g., `\hobx'), type `I' and the correct
spelling (e.g., `I\hbox'). Otherwise just continue,
and I'll forget about whatever was undefined.

! Misplaced alignment tab character &.
<recently read> &
                 
l.276 ...t{for} \quad y_1(0)=y(t_n) \nonumber \\ &
                                                   \text{Step 2: solve} \qua...
I can't figure out why you would want to use a tab mark
here. If you just want an ampersand, the remedy is
simple: Just type `I\&' now. But if some right brace
up above has ended a previous alignment prematurely,
you're probably due for more error messages, and you
might try typing `S' now just to see what is salvageable.

! Undefined control sequence.
l.276 ... \quad y_1(0)=y(t_n) \nonumber \\ & \text
                                                  {Step 2: solve} \quad y'_2...
The control sequence at the end of the top line
of your error message was never \def'ed. If you have
misspelled it (e.g., `\hobx'), type `I' and the correct
spelling (e.g., `I\hbox'). Otherwise just continue,
and I'll forget about whatever was undefined.

! Undefined control sequence.
l.276 ...& \text{Step 2: solve} \quad y'_2 = \text
                                                  {B}y_2 \quad \text{in} \qu...
The control sequence at the end of the top line
of your error message was never \def'ed. If you have
misspelled it (e.g., `\hobx'), type `I' and the correct
spelling (e.g., `I\hbox'). Otherwise just continue,
and I'll forget about whatever was undefined.

! Undefined control sequence.
l.276 ...lve} \quad y'_2 = \text{B}y_2 \quad \text
                                                  {in} \quad [t_n,t_n+\Delta...
The control sequence at the end of the top line
of your error message was never \def'ed. If you have
misspelled it (e.g., `\hobx'), type `I' and the correct
spelling (e.g., `I\hbox'). Otherwise just continue,
and I'll forget about whatever was undefined.

! Undefined control sequence.
l.276 ...{in} \quad [t_n,t_n+\Delta t] \quad \text
                                                  {for} \quad y_2(0)=y_1(t_n...
The control sequence at the end of the top line
of your error message was never \def'ed. If you have
misspelled it (e.g., `\hobx'), type `I' and the correct
spelling (e.g., `I\hbox'). Otherwise just continue,
and I'll forget about whatever was undefined.

! Misplaced alignment tab character &.
<recently read> &
                 
l.276 ...d y_2(0)=y_1(t_n+\Delta t) \nonumber \\ &
                                                   \text{Set} \quad y(t_{n+1...
I can't figure out why you would want to use a tab mark
here. If you just want an ampersand, the remedy is
simple: Just type `I\&' now. But if some right brace
up above has ended a previous alignment prematurely,
you're probably due for more error messages, and you
might try typing `S' now just to see what is salvageable.

! Undefined control sequence.
l.276 ...0)=y_1(t_n+\Delta t) \nonumber \\ & \text
                                                  {Set} \quad y(t_{n+1}) = y...
The control sequence at the end of the top line
of your error message was never \def'ed. If you have
misspelled it (e.g., `\hobx'), type `I' and the correct
spelling (e.g., `I\hbox'). Otherwise just continue,
and I'll forget about whatever was undefined.


! LaTeX Error: \begin{document} ended by \end{align}.

See the LaTeX manual or LaTeX Companion for explanation.
Type  H <return>  for immediate help.
 ...                                              
                                                  
l.276 ..._2(t_n+\Delta t) \nonumber \\ \end{align}
                                                   \]
Your command was ignored.
Type  I <command> <return>  to replace it with another command,
or  <return>  to continue without it.


Overfull \hbox (517.35883pt too wide) detected at line 276
[] \OML/cmm/m/it/10 n \OT1/cmr/m/n/10 = 0\OML/cmm/m/it/10 ; \OT1/cmr/m/n/10 1\O
ML/cmm/m/it/10 ; [] ; [][] [] y[] \OT1/cmr/m/n/10 = \OML/cmm/m/it/10 Ay[] [] \O
T1/cmr/m/n/10 [\OML/cmm/m/it/10 t[]; t[] \OT1/cmr/m/n/10 + ^^A\OML/cmm/m/it/10 
t\OT1/cmr/m/n/10 ] [] \OML/cmm/m/it/10 y[]\OT1/cmr/m/n/10 (0) = \OML/cmm/m/it/1
0 y\OT1/cmr/m/n/10 (\OML/cmm/m/it/10 t[]\OT1/cmr/m/n/10 )[] [] \OML/cmm/m/it/10
 y[] \OT1/cmr/m/n/10 = \OML/cmm/m/it/10 By[] [] \OT1/cmr/m/n/10 [\OML/cmm/m/it/
10 t[]; t[] \OT1/cmr/m/n/10 + ^^A\OML/cmm/m/it/10 t\OT1/cmr/m/n/10 ] [] \OML/cm
m/m/it/10 y[]\OT1/cmr/m/n/10 (0) = \OML/cmm/m/it/10 y[]\OT1/cmr/m/n/10 (\OML/cm
m/m/it/10 t[] \OT1/cmr/m/n/10 + ^^A\OML/cmm/m/it/10 t\OT1/cmr/m/n/10 )[] [] \OM
L/cmm/m/it/10 y\OT1/cmr/m/n/10 (\OML/cmm/m/it/10 t[]\OT1/cmr/m/n/10 ) = \OML/cm
m/m/it/10 y[]\OT1/cmr/m/n/10 (\OML/cmm/m/it/10 t[] \OT1/cmr/m/n/10 + ^^A\OML/cm
m/m/it/10 t\OT1/cmr/m/n/10 )[] 
 []

[91]

! LaTeX Error: Environment align undefined.

See the LaTeX manual or LaTeX Companion for explanation.
Type  H <return>  for immediate help.
 ...                                              
                                                  
l.279 \[ \begin{align}
                       & A = V_{ext} + g |\psi(t)|^2 \nonumber \\ & B = \fra...

Your command was ignored.
Type  I <command> <return>  to replace it with another command,
or  <return>  to continue without it.

! Misplaced alignment tab character &.
l.279 \[ \begin{align} &
                         A = V_{ext} + g |\psi(t)|^2 \nonumber \\ & B = \fra...
I can't figure out why you would want to use a tab mark
here. If you just want an ampersand, the remedy is
simple: Just type `I\&' now. But if some right brace
up above has ended a previous alignment prematurely,
you're probably due for more error messages, and you
might try typing `S' now just to see what is salvageable.

! Misplaced alignment tab character &.
<recently read> &
                 
l.279 ... = V_{ext} + g |\psi(t)|^2 \nonumber \\ &
                                                   B = \frac{-\nabla^2}{2} \...
I can't figure out why you would want to use a tab mark
here. If you just want an ampersand, the remedy is
simple: Just type `I\&' now. But if some right brace
up above has ended a previous alignment prematurely,
you're probably due for more error messages, and you
might try typing `S' now just to see what is salvageable.


! LaTeX Error: \begin{document} ended by \end{align}.

See the LaTeX manual or LaTeX Companion for explanation.
Type  H <return>  for immediate help.
 ...                                              
                                                  
l.279 ...ac{-\nabla^2}{2} \nonumber \\ \end{align}
                                                   \]
Your command was ignored.
Type  I <command> <return>  to replace it with another command,
or  <return>  to continue without it.

[92] [93] [94] [95] [96] [97] [98] [99] [100] [101] [102] [103] [104] [105] [10
6] [107] [108] [109] [110]
Overfull \hbox (418.9656pt too wide) detected at line 336
\OML/cmm/m/it/10 i[] \OT1/cmr/m/n/10 = [] \OML/cmm/m/it/10  \OT1/cmr/m/n/10 (\O
T1/cmr/bx/n/10 r\OML/cmm/m/it/10 ; t\OT1/cmr/m/n/10 )
 []

[111] [112] [113] (./_formulas.aux) ) 
Here is how much of TeX's memory you used:
 1449 strings out of 494880
 20767 string characters out of 6179601
 72028 words of memory out of 5000000
 4789 multiletter control sequences out of 15000+600000
 4567 words of font info for 17 fonts, out of 8000000 for 9000
 36 hyphenation exceptions out of 8191
 41i,6n,25p,567b,100s stack positions out of 5000i,500n,10000p,200000b,80000s
</usr/share/texlive/texmf-dist/fonts/type1
/public/amsfonts/cm/cmbx10.pfb></usr/share/texlive/texmf-dist/fonts/type1/publi
c/amsfonts/cm/cmbx7.pfb></usr/share/texlive/texmf-dist/fonts/type1/public/amsfo
nts/cm/cmex10.pfb></usr/share/texlive/texmf-dist/fonts/type1/public/amsfonts/cm
/cmmi10.pfb></usr/share/texlive/texmf-dist/fonts/type1/public/amsfonts/cm/cmmi5
.pfb></usr/share/texlive/texmf-dist/fonts/type1/public/amsfonts/cm/cmmi7.pfb></
usr/share/texlive/texmf-dist/fonts/type1/public/amsfonts/cm/cmr10.pfb></usr/sha
re/texlive/texmf-dist/fonts/type1/public/amsfonts/cm/cmr5.pfb></usr/share/texli
ve/texmf-dist/fonts/type1/public/amsfonts/cm/cmr7.pfb></usr/share/texlive/texmf
-dist/fonts/type1/public/amsfonts/cm/cmsy10.pfb></usr/share/texlive/texmf-dist/
fonts/type1/public/amsfonts/cm/cmsy7.pfb>
Output written on _formulas.pdf (113 pages, 155066 bytes).
PDF statistics:
 413 PDF objects out of 1000 (max. 8388607)
 284 compressed objects within 3 object streams
 0 named destinations out of 1000 (max. 500000)
 1 words of extra memory for PDF output out of 10000 (max. 10000000)

