\BOOKMARK [0][-]{chapter.1}{\376\377\0001\000\040\000I\000n\000t\000r\000o\000d\000u\000c\000t\000i\000o\000n}{}% 1
\BOOKMARK [1][-]{section.1.1}{\376\377\0001\000.\0001\000\040\000W\000h\000a\000t\000\040\000i\000s\000\040\000i\000t}{chapter.1}% 2
\BOOKMARK [1][-]{section.1.2}{\376\377\0001\000.\0002\000\040\000P\000r\000e\000r\000e\000q\000u\000i\000s\000i\000t\000e\000s\000\040\000a\000n\000d\000\040\000p\000l\000a\000t\000f\000o\000r\000m\000s}{chapter.1}% 3
\BOOKMARK [1][-]{section.1.3}{\376\377\0001\000.\0003\000\040\000I\000n\000s\000t\000a\000l\000l\000a\000t\000i\000o\000n}{chapter.1}% 4
\BOOKMARK [1][-]{section.1.4}{\376\377\0001\000.\0004\000\040\000E\000x\000a\000m\000p\000l\000e\000s}{chapter.1}% 5
\BOOKMARK [1][-]{section.1.5}{\376\377\0001\000.\0005\000\040\000L\000i\000c\000e\000n\000s\000e}{chapter.1}% 6
\BOOKMARK [0][-]{chapter.2}{\376\377\0002\000\040\000e\000x\000a\000m\000p\000l\000e\000-\0001}{}% 7
\BOOKMARK [1][-]{section.2.1}{\376\377\0002\000.\0001\000\040\000A\000\040\000t\000h\000r\000e\000e\000-\000d\000i\000m\000e\000n\000s\000i\000o\000n\000a\000l\000\040\000B\000o\000s\000e\000\040\000g\000a\000s\000\040\000i\000n\000\040\000a\000\040\000h\000a\000r\000m\000o\000n\000i\000c\000\040\000t\000r\000a\000p\000.}{chapter.2}% 8
\BOOKMARK [2][-]{subsection.2.1.1}{\376\377\0002\000.\0001\000.\0001\000\040\000I\000n\000t\000r\000o\000d\000u\000c\000t\000i\000o\000n}{section.2.1}% 9
\BOOKMARK [2][-]{subsection.2.1.2}{\376\377\0002\000.\0001\000.\0002\000\040\000P\000r\000o\000g\000r\000a\000m\000\040\000d\000e\000s\000c\000r\000i\000p\000t\000i\000o\000n}{section.2.1}% 10
\BOOKMARK [2][-]{subsection.2.1.3}{\376\377\0002\000.\0001\000.\0003\000\040\000R\000e\000s\000u\000l\000t\000s}{section.2.1}% 11
\BOOKMARK [2][-]{subsection.2.1.4}{\376\377\0002\000.\0001\000.\0004\000\040\000P\000o\000s\000s\000i\000b\000l\000e\000\040\000e\000x\000t\000e\000n\000s\000i\000o\000n\000s}{section.2.1}% 12
\BOOKMARK [2][-]{subsection.2.1.5}{\376\377\0002\000.\0001\000.\0005\000\040\000T\000h\000e\000\040\000p\000l\000a\000i\000n\000\040\000p\000r\000o\000g\000r\000a\000m}{section.2.1}% 13
\BOOKMARK [0][-]{chapter.3}{\376\377\0003\000\040\000e\000x\000a\000m\000p\000l\000e\000-\0002}{}% 14
\BOOKMARK [1][-]{section.3.1}{\376\377\0003\000.\0001\000\040\000B\000o\000g\000o\000l\000y\000u\000b\000o\000v\000\040\000e\000q\000u\000a\000t\000i\000o\000n\000s\000\040\000f\000o\000r\000\040\000a\000\040\000t\000w\000o\000-\000d\000i\000m\000e\000n\000s\000i\000o\000n\000a\000l\000\040\000B\000o\000s\000e\000\040\000g\000a\000s\000\040\000i\000n\000\040\000a\000\040\000h\000a\000r\000m\000o\000n\000i\000c\000\040\000t\000r\000a\000p\000.}{chapter.3}% 15
\BOOKMARK [2][-]{subsection.3.1.1}{\376\377\0003\000.\0001\000.\0001\000\040\000I\000n\000t\000r\000o\000d\000u\000c\000t\000i\000o\000n}{section.3.1}% 16
\BOOKMARK [2][-]{subsection.3.1.2}{\376\377\0003\000.\0001\000.\0002\000\040\000P\000r\000o\000g\000r\000a\000m\000\040\000d\000e\000s\000c\000r\000i\000p\000t\000i\000o\000n}{section.3.1}% 17
\BOOKMARK [2][-]{subsection.3.1.3}{\376\377\0003\000.\0001\000.\0003\000\040\000R\000e\000s\000u\000l\000t\000s}{section.3.1}% 18
\BOOKMARK [2][-]{subsection.3.1.4}{\376\377\0003\000.\0001\000.\0004\000\040\000T\000h\000e\000\040\000p\000l\000a\000i\000n\000\040\000p\000r\000o\000g\000r\000a\000m}{section.3.1}% 19
\BOOKMARK [0][-]{chapter.4}{\376\377\0004\000\040\000e\000x\000a\000m\000p\000l\000e\000-\0003}{}% 20
\BOOKMARK [1][-]{section.4.1}{\376\377\0004\000.\0001\000\040\000A\000\040\000t\000h\000r\000e\000e\000-\000d\000i\000m\000e\000n\000s\000i\000o\000n\000a\000l\000\040\000d\000i\000p\000o\000l\000a\000r\000\040\000B\000o\000s\000e\000\040\000g\000a\000s\000\040\000i\000n\000\040\000a\000\040\000h\000a\000r\000m\000o\000n\000i\000c\000\040\000t\000r\000a\000p\000.}{chapter.4}% 21
\BOOKMARK [2][-]{subsection.4.1.1}{\376\377\0004\000.\0001\000.\0001\000\040\000I\000n\000t\000r\000o\000d\000u\000c\000t\000i\000o\000n}{section.4.1}% 22
\BOOKMARK [2][-]{subsection.4.1.2}{\376\377\0004\000.\0001\000.\0002\000\040\000P\000r\000o\000g\000r\000a\000m\000\040\000d\000e\000s\000c\000r\000i\000p\000t\000i\000o\000n}{section.4.1}% 23
\BOOKMARK [2][-]{subsection.4.1.3}{\376\377\0004\000.\0001\000.\0003\000\040\000R\000e\000s\000u\000l\000t\000s}{section.4.1}% 24
\BOOKMARK [2][-]{subsection.4.1.4}{\376\377\0004\000.\0001\000.\0004\000\040\000P\000o\000s\000s\000i\000b\000l\000e\000\040\000e\000x\000t\000e\000n\000s\000i\000o\000n\000s}{section.4.1}% 25
\BOOKMARK [2][-]{subsection.4.1.5}{\376\377\0004\000.\0001\000.\0005\000\040\000T\000h\000e\000\040\000p\000l\000a\000i\000n\000\040\000p\000r\000o\000g\000r\000a\000m}{section.4.1}% 26
\BOOKMARK [1][-]{section.4.2}{\376\377\0004\000.\0002\000\040\000A\000\040\000t\000h\000r\000e\000e\000-\000d\000i\000m\000e\000n\000s\000i\000o\000n\000a\000l\000\040\000d\000i\000p\000o\000l\000a\000r\000\040\000B\000o\000s\000e\000\040\000g\000a\000s\000\040\000i\000n\000\040\000a\000\040\000h\000a\000r\000m\000o\000n\000i\000c\000\040\000t\000r\000a\000p\000.}{chapter.4}% 27
\BOOKMARK [2][-]{subsection.4.2.1}{\376\377\0004\000.\0002\000.\0001\000\040\000I\000n\000t\000r\000o\000d\000u\000c\000t\000i\000o\000n}{section.4.2}% 28
\BOOKMARK [2][-]{subsection.4.2.2}{\376\377\0004\000.\0002\000.\0002\000\040\000P\000r\000o\000g\000r\000a\000m\000\040\000d\000e\000s\000c\000r\000i\000p\000t\000i\000o\000n}{section.4.2}% 29
\BOOKMARK [2][-]{subsection.4.2.3}{\376\377\0004\000.\0002\000.\0003\000\040\000R\000e\000s\000u\000l\000t\000s}{section.4.2}% 30
\BOOKMARK [2][-]{subsection.4.2.4}{\376\377\0004\000.\0002\000.\0004\000\040\000P\000o\000s\000s\000i\000b\000l\000e\000\040\000e\000x\000t\000e\000n\000s\000i\000o\000n\000s}{section.4.2}% 31
\BOOKMARK [2][-]{subsection.4.2.5}{\376\377\0004\000.\0002\000.\0005\000\040\000T\000h\000e\000\040\000p\000l\000a\000i\000n\000\040\000p\000r\000o\000g\000r\000a\000m}{section.4.2}% 32
\BOOKMARK [0][-]{chapter.5}{\376\377\0005\000\040\000e\000x\000a\000m\000p\000l\000e\000-\0004}{}% 33
\BOOKMARK [1][-]{section.5.1}{\376\377\0005\000.\0001\000\040\000E\000x\000c\000i\000t\000a\000t\000i\000o\000n\000\040\000s\000p\000e\000c\000t\000r\000u\000m\000\040\000o\000f\000\040\000a\000\040\000t\000r\000a\000p\000p\000e\000d\000\040\000d\000i\000p\000o\000l\000a\000r\000\040\000B\000o\000s\000e\000-\000E\000i\000n\000s\000t\000e\000i\000n\000\040\000c\000o\000n\000d\000e\000n\000s\000a\000t\000e\000\040\000a\000c\000r\000o\000s\000s\000\040\000t\000h\000e\000\040\000s\000u\000p\000e\000r\000f\000l\000u\000i\000d\000-\000s\000u\000p\000e\000r\000s\000o\000l\000i\000d\000\040\000p\000h\000a\000s\000e\000\040\000t\000r\000a\000n\000s\000i\000t\000i\000o\000n\000.}{chapter.5}% 34
\BOOKMARK [2][-]{subsection.5.1.1}{\376\377\0005\000.\0001\000.\0001\000\040\000I\000n\000t\000r\000o\000d\000u\000c\000t\000i\000o\000n}{section.5.1}% 35
\BOOKMARK [2][-]{subsection.5.1.2}{\376\377\0005\000.\0001\000.\0002\000\040\000P\000r\000o\000g\000r\000a\000m\000\040\000d\000e\000s\000c\000r\000i\000p\000t\000i\000o\000n}{section.5.1}% 36
\BOOKMARK [2][-]{subsection.5.1.3}{\376\377\0005\000.\0001\000.\0003\000\040\000R\000e\000s\000u\000l\000t\000s}{section.5.1}% 37
\BOOKMARK [2][-]{subsection.5.1.4}{\376\377\0005\000.\0001\000.\0004\000\040\000P\000o\000s\000s\000i\000b\000l\000e\000\040\000e\000x\000t\000e\000n\000s\000i\000o\000n\000s}{section.5.1}% 38
\BOOKMARK [2][-]{subsection.5.1.5}{\376\377\0005\000.\0001\000.\0005\000\040\000T\000h\000e\000\040\000p\000l\000a\000i\000n\000\040\000p\000r\000o\000g\000r\000a\000m}{section.5.1}% 39
\BOOKMARK [0][-]{chapter.6}{\376\377\0006\000\040\000G\000N\000U\000\040\000G\000E\000N\000E\000R\000A\000L\000\040\000P\000U\000B\000L\000I\000C\000\040\000L\000I\000C\000E\000N\000S\000E}{}% 40
\BOOKMARK [0][-]{chapter.7}{\376\377\0007\000\040\000N\000a\000m\000e\000s\000p\000a\000c\000e\000\040\000I\000n\000d\000e\000x}{}% 41
\BOOKMARK [1][-]{section.7.1}{\376\377\0007\000.\0001\000\040\000N\000a\000m\000e\000s\000p\000a\000c\000e\000\040\000L\000i\000s\000t}{chapter.7}% 42
\BOOKMARK [0][-]{chapter.8}{\376\377\0008\000\040\000C\000l\000a\000s\000s\000\040\000I\000n\000d\000e\000x}{}% 43
\BOOKMARK [1][-]{section.8.1}{\376\377\0008\000.\0001\000\040\000C\000l\000a\000s\000s\000\040\000L\000i\000s\000t}{chapter.8}% 44
\BOOKMARK [0][-]{chapter.9}{\376\377\0009\000\040\000F\000i\000l\000e\000\040\000I\000n\000d\000e\000x}{}% 45
\BOOKMARK [1][-]{section.9.1}{\376\377\0009\000.\0001\000\040\000F\000i\000l\000e\000\040\000L\000i\000s\000t}{chapter.9}% 46
\BOOKMARK [0][-]{chapter.10}{\376\377\0001\0000\000\040\000N\000a\000m\000e\000s\000p\000a\000c\000e\000\040\000D\000o\000c\000u\000m\000e\000n\000t\000a\000t\000i\000o\000n}{}% 47
\BOOKMARK [1][-]{section.10.1}{\376\377\0001\0000\000.\0001\000\040\000U\000l\000t\000r\000a\000C\000o\000l\000d\000\040\000N\000a\000m\000e\000s\000p\000a\000c\000e\000\040\000R\000e\000f\000e\000r\000e\000n\000c\000e}{chapter.10}% 48
\BOOKMARK [2][-]{subsection.10.1.1}{\376\377\0001\0000\000.\0001\000.\0001\000\040\000D\000e\000t\000a\000i\000l\000e\000d\000\040\000D\000e\000s\000c\000r\000i\000p\000t\000i\000o\000n}{section.10.1}% 49
\BOOKMARK [2][-]{subsection.10.1.2}{\376\377\0001\0000\000.\0001\000.\0002\000\040\000F\000u\000n\000c\000t\000i\000o\000n\000\040\000D\000o\000c\000u\000m\000e\000n\000t\000a\000t\000i\000o\000n}{section.10.1}% 50
\BOOKMARK [3][-]{subsubsection.10.1.2.1}{\376\377\0001\0000\000.\0001\000.\0002\000.\0001\000\040\000c\000r\000e\000a\000t\000e\000\137\000m\000e\000s\000h\000\137\000i\000n\000\137\000F\000o\000u\000r\000i\000e\000r\000\137\000s\000p\000a\000c\000e\000\050\000\051\000\040\000[\0001\000/\0003\000]}{subsection.10.1.2}% 51
\BOOKMARK [3][-]{subsubsection.10.1.2.2}{\376\377\0001\0000\000.\0001\000.\0002\000.\0002\000\040\000c\000r\000e\000a\000t\000e\000\137\000m\000e\000s\000h\000\137\000i\000n\000\137\000F\000o\000u\000r\000i\000e\000r\000\137\000s\000p\000a\000c\000e\000\050\000\051\000\040\000[\0002\000/\0003\000]}{subsection.10.1.2}% 52
\BOOKMARK [3][-]{subsubsection.10.1.2.3}{\376\377\0001\0000\000.\0001\000.\0002\000.\0003\000\040\000c\000r\000e\000a\000t\000e\000\137\000m\000e\000s\000h\000\137\000i\000n\000\137\000F\000o\000u\000r\000i\000e\000r\000\137\000s\000p\000a\000c\000e\000\050\000\051\000\040\000[\0003\000/\0003\000]}{subsection.10.1.2}% 53
\BOOKMARK [1][-]{section.10.2}{\376\377\0001\0000\000.\0002\000\040\000U\000l\000t\000r\000a\000C\000o\000l\000d\000:\000:\000B\000o\000g\000o\000l\000y\000u\000b\000o\000v\000S\000o\000l\000v\000e\000r\000s\000\040\000N\000a\000m\000e\000s\000p\000a\000c\000e\000\040\000R\000e\000f\000e\000r\000e\000n\000c\000e}{chapter.10}% 54
\BOOKMARK [2][-]{subsection.10.2.1}{\376\377\0001\0000\000.\0002\000.\0001\000\040\000D\000e\000t\000a\000i\000l\000e\000d\000\040\000D\000e\000s\000c\000r\000i\000p\000t\000i\000o\000n}{section.10.2}% 55
\BOOKMARK [1][-]{section.10.3}{\376\377\0001\0000\000.\0003\000\040\000U\000l\000t\000r\000a\000C\000o\000l\000d\000:\000:\000F\000o\000u\000r\000i\000e\000r\000S\000p\000a\000c\000e\000O\000u\000t\000p\000u\000t\000\040\000N\000a\000m\000e\000s\000p\000a\000c\000e\000\040\000R\000e\000f\000e\000r\000e\000n\000c\000e}{chapter.10}% 56
\BOOKMARK [2][-]{subsection.10.3.1}{\376\377\0001\0000\000.\0003\000.\0001\000\040\000D\000e\000t\000a\000i\000l\000e\000d\000\040\000D\000e\000s\000c\000r\000i\000p\000t\000i\000o\000n}{section.10.3}% 57
\BOOKMARK [1][-]{section.10.4}{\376\377\0001\0000\000.\0004\000\040\000U\000l\000t\000r\000a\000C\000o\000l\000d\000:\000:\000G\000P\000S\000o\000l\000v\000e\000r\000s\000\040\000N\000a\000m\000e\000s\000p\000a\000c\000e\000\040\000R\000e\000f\000e\000r\000e\000n\000c\000e}{chapter.10}% 58
\BOOKMARK [2][-]{subsection.10.4.1}{\376\377\0001\0000\000.\0004\000.\0001\000\040\000D\000e\000t\000a\000i\000l\000e\000d\000\040\000D\000e\000s\000c\000r\000i\000p\000t\000i\000o\000n}{section.10.4}% 59
\BOOKMARK [1][-]{section.10.5}{\376\377\0001\0000\000.\0005\000\040\000U\000l\000t\000r\000a\000C\000o\000l\000d\000:\000:\000M\000K\000L\000W\000r\000a\000p\000p\000e\000r\000s\000\040\000N\000a\000m\000e\000s\000p\000a\000c\000e\000\040\000R\000e\000f\000e\000r\000e\000n\000c\000e}{chapter.10}% 60
\BOOKMARK [1][-]{section.10.6}{\376\377\0001\0000\000.\0006\000\040\000U\000l\000t\000r\000a\000C\000o\000l\000d\000:\000:\000R\000e\000a\000l\000S\000p\000a\000c\000e\000O\000u\000t\000p\000u\000t\000\040\000N\000a\000m\000e\000s\000p\000a\000c\000e\000\040\000R\000e\000f\000e\000r\000e\000n\000c\000e}{chapter.10}% 61
\BOOKMARK [2][-]{subsection.10.6.1}{\376\377\0001\0000\000.\0006\000.\0001\000\040\000D\000e\000t\000a\000i\000l\000e\000d\000\040\000D\000e\000s\000c\000r\000i\000p\000t\000i\000o\000n}{section.10.6}% 62
\BOOKMARK [1][-]{section.10.7}{\376\377\0001\0000\000.\0007\000\040\000U\000l\000t\000r\000a\000C\000o\000l\000d\000:\000:\000T\000o\000o\000l\000s\000\040\000N\000a\000m\000e\000s\000p\000a\000c\000e\000\040\000R\000e\000f\000e\000r\000e\000n\000c\000e}{chapter.10}% 63
\BOOKMARK [2][-]{subsection.10.7.1}{\376\377\0001\0000\000.\0007\000.\0001\000\040\000D\000e\000t\000a\000i\000l\000e\000d\000\040\000D\000e\000s\000c\000r\000i\000p\000t\000i\000o\000n}{section.10.7}% 64
\BOOKMARK [0][-]{chapter.11}{\376\377\0001\0001\000\040\000C\000l\000a\000s\000s\000\040\000D\000o\000c\000u\000m\000e\000n\000t\000a\000t\000i\000o\000n}{}% 65
\BOOKMARK [1][-]{section.11.1}{\376\377\0001\0001\000.\0001\000\040\000U\000l\000t\000r\000a\000C\000o\000l\000d\000:\000:\000R\000e\000a\000l\000S\000p\000a\000c\000e\000O\000u\000t\000p\000u\000t\000:\000:\000D\000a\000t\000a\000O\000u\000t\000\040\000C\000l\000a\000s\000s\000\040\000R\000e\000f\000e\000r\000e\000n\000c\000e}{chapter.11}% 66
\BOOKMARK [2][-]{subsection.11.1.1}{\376\377\0001\0001\000.\0001\000.\0001\000\040\000D\000e\000t\000a\000i\000l\000e\000d\000\040\000D\000e\000s\000c\000r\000i\000p\000t\000i\000o\000n}{section.11.1}% 67
\BOOKMARK [2][-]{subsection.11.1.2}{\376\377\0001\0001\000.\0001\000.\0002\000\040\000C\000o\000n\000s\000t\000r\000u\000c\000t\000o\000r\000\040\000\046\000\040\000D\000e\000s\000t\000r\000u\000c\000t\000o\000r\000\040\000D\000o\000c\000u\000m\000e\000n\000t\000a\000t\000i\000o\000n}{section.11.1}% 68
\BOOKMARK [3][-]{subsubsection.11.1.2.1}{\376\377\0001\0001\000.\0001\000.\0002\000.\0001\000\040\000D\000a\000t\000a\000O\000u\000t\000\050\000\051}{subsection.11.1.2}% 69
\BOOKMARK [3][-]{subsubsection.11.1.2.2}{\376\377\0001\0001\000.\0001\000.\0002\000.\0002\000\040\000\040\000D\000a\000t\000a\000O\000u\000t\000\050\000\051}{subsection.11.1.2}% 70
\BOOKMARK [2][-]{subsection.11.1.3}{\376\377\0001\0001\000.\0001\000.\0003\000\040\000M\000e\000m\000b\000e\000r\000\040\000F\000u\000n\000c\000t\000i\000o\000n\000\040\000D\000o\000c\000u\000m\000e\000n\000t\000a\000t\000i\000o\000n}{section.11.1}% 71
\BOOKMARK [3][-]{subsubsection.11.1.3.1}{\376\377\0001\0001\000.\0001\000.\0003\000.\0001\000\040\000s\000e\000t\000\137\000o\000u\000t\000p\000u\000t\000\137\000n\000a\000m\000e\000\050\000\051\000\040\000[\0001\000/\0002\000]}{subsection.11.1.3}% 72
\BOOKMARK [3][-]{subsubsection.11.1.3.2}{\376\377\0001\0001\000.\0001\000.\0003\000.\0002\000\040\000s\000e\000t\000\137\000o\000u\000t\000p\000u\000t\000\137\000n\000a\000m\000e\000\050\000\051\000\040\000[\0002\000/\0002\000]}{subsection.11.1.3}% 73
\BOOKMARK [3][-]{subsubsection.11.1.3.3}{\376\377\0001\0001\000.\0001\000.\0003\000.\0003\000\040\000s\000t\000a\000c\000k\0001\000d\000\137\000c\000s\000v\000\050\000\051\000\040\000[\0001\000/\0002\000]}{subsection.11.1.3}% 74
\BOOKMARK [3][-]{subsubsection.11.1.3.4}{\376\377\0001\0001\000.\0001\000.\0003\000.\0004\000\040\000s\000t\000a\000c\000k\0001\000d\000\137\000c\000s\000v\000\050\000\051\000\040\000[\0002\000/\0002\000]}{subsection.11.1.3}% 75
\BOOKMARK [3][-]{subsubsection.11.1.3.5}{\376\377\0001\0001\000.\0001\000.\0003\000.\0005\000\040\000w\000r\000i\000t\000e\000\137\000c\000s\000v\000\050\000\051\000\040\000[\0001\000/\0004\000]}{subsection.11.1.3}% 76
\BOOKMARK [3][-]{subsubsection.11.1.3.6}{\376\377\0001\0001\000.\0001\000.\0003\000.\0006\000\040\000w\000r\000i\000t\000e\000\137\000c\000s\000v\000\050\000\051\000\040\000[\0002\000/\0004\000]}{subsection.11.1.3}% 77
\BOOKMARK [3][-]{subsubsection.11.1.3.7}{\376\377\0001\0001\000.\0001\000.\0003\000.\0007\000\040\000w\000r\000i\000t\000e\000\137\000c\000s\000v\000\050\000\051\000\040\000[\0003\000/\0004\000]}{subsection.11.1.3}% 78
\BOOKMARK [3][-]{subsubsection.11.1.3.8}{\376\377\0001\0001\000.\0001\000.\0003\000.\0008\000\040\000w\000r\000i\000t\000e\000\137\000c\000s\000v\000\050\000\051\000\040\000[\0004\000/\0004\000]}{subsection.11.1.3}% 79
\BOOKMARK [3][-]{subsubsection.11.1.3.9}{\376\377\0001\0001\000.\0001\000.\0003\000.\0009\000\040\000w\000r\000i\000t\000e\000\137\000s\000l\000i\000c\000e\0001\000d\000\137\000c\000s\000v\000\050\000\051\000\040\000[\0001\000/\0002\000]}{subsection.11.1.3}% 80
\BOOKMARK [3][-]{subsubsection.11.1.3.10}{\376\377\0001\0001\000.\0001\000.\0003\000.\0001\0000\000\040\000w\000r\000i\000t\000e\000\137\000s\000l\000i\000c\000e\0001\000d\000\137\000c\000s\000v\000\050\000\051\000\040\000[\0002\000/\0002\000]}{subsection.11.1.3}% 81
\BOOKMARK [3][-]{subsubsection.11.1.3.11}{\376\377\0001\0001\000.\0001\000.\0003\000.\0001\0001\000\040\000w\000r\000i\000t\000e\000\137\000s\000l\000i\000c\000e\0002\000d\000\137\000c\000s\000v\000\050\000\051\000\040\000[\0001\000/\0002\000]}{subsection.11.1.3}% 82
\BOOKMARK [3][-]{subsubsection.11.1.3.12}{\376\377\0001\0001\000.\0001\000.\0003\000.\0001\0002\000\040\000w\000r\000i\000t\000e\000\137\000s\000l\000i\000c\000e\0002\000d\000\137\000c\000s\000v\000\050\000\051\000\040\000[\0002\000/\0002\000]}{subsection.11.1.3}% 83
\BOOKMARK [3][-]{subsubsection.11.1.3.13}{\376\377\0001\0001\000.\0001\000.\0003\000.\0001\0003\000\040\000w\000r\000i\000t\000e\000\137\000s\000l\000i\000c\000e\0002\000d\000\137\000v\000t\000k\000\050\000\051\000\040\000[\0001\000/\0002\000]}{subsection.11.1.3}% 84
\BOOKMARK [3][-]{subsubsection.11.1.3.14}{\376\377\0001\0001\000.\0001\000.\0003\000.\0001\0004\000\040\000w\000r\000i\000t\000e\000\137\000s\000l\000i\000c\000e\0002\000d\000\137\000v\000t\000k\000\050\000\051\000\040\000[\0002\000/\0002\000]}{subsection.11.1.3}% 85
\BOOKMARK [3][-]{subsubsection.11.1.3.15}{\376\377\0001\0001\000.\0001\000.\0003\000.\0001\0005\000\040\000w\000r\000i\000t\000e\000\137\000v\000t\000k\000\050\000\051\000\040\000[\0001\000/\0004\000]}{subsection.11.1.3}% 86
\BOOKMARK [3][-]{subsubsection.11.1.3.16}{\376\377\0001\0001\000.\0001\000.\0003\000.\0001\0006\000\040\000w\000r\000i\000t\000e\000\137\000v\000t\000k\000\050\000\051\000\040\000[\0002\000/\0004\000]}{subsection.11.1.3}% 87
\BOOKMARK [3][-]{subsubsection.11.1.3.17}{\376\377\0001\0001\000.\0001\000.\0003\000.\0001\0007\000\040\000w\000r\000i\000t\000e\000\137\000v\000t\000k\000\050\000\051\000\040\000[\0003\000/\0004\000]}{subsection.11.1.3}% 88
\BOOKMARK [3][-]{subsubsection.11.1.3.18}{\376\377\0001\0001\000.\0001\000.\0003\000.\0001\0008\000\040\000w\000r\000i\000t\000e\000\137\000v\000t\000k\000\050\000\051\000\040\000[\0004\000/\0004\000]}{subsection.11.1.3}% 89
\BOOKMARK [1][-]{section.11.2}{\376\377\0001\0001\000.\0002\000\040\000U\000l\000t\000r\000a\000C\000o\000l\000d\000:\000:\000F\000o\000u\000r\000i\000e\000r\000S\000p\000a\000c\000e\000O\000u\000t\000p\000u\000t\000:\000:\000D\000a\000t\000a\000O\000u\000t\000\040\000C\000l\000a\000s\000s\000\040\000R\000e\000f\000e\000r\000e\000n\000c\000e}{chapter.11}% 90
\BOOKMARK [2][-]{subsection.11.2.1}{\376\377\0001\0001\000.\0002\000.\0001\000\040\000D\000e\000t\000a\000i\000l\000e\000d\000\040\000D\000e\000s\000c\000r\000i\000p\000t\000i\000o\000n}{section.11.2}% 91
\BOOKMARK [2][-]{subsection.11.2.2}{\376\377\0001\0001\000.\0002\000.\0002\000\040\000C\000o\000n\000s\000t\000r\000u\000c\000t\000o\000r\000\040\000\046\000\040\000D\000e\000s\000t\000r\000u\000c\000t\000o\000r\000\040\000D\000o\000c\000u\000m\000e\000n\000t\000a\000t\000i\000o\000n}{section.11.2}% 92
\BOOKMARK [3][-]{subsubsection.11.2.2.1}{\376\377\0001\0001\000.\0002\000.\0002\000.\0001\000\040\000D\000a\000t\000a\000O\000u\000t\000\050\000\051}{subsection.11.2.2}% 93
\BOOKMARK [3][-]{subsubsection.11.2.2.2}{\376\377\0001\0001\000.\0002\000.\0002\000.\0002\000\040\000\040\000D\000a\000t\000a\000O\000u\000t\000\050\000\051}{subsection.11.2.2}% 94
\BOOKMARK [2][-]{subsection.11.2.3}{\376\377\0001\0001\000.\0002\000.\0003\000\040\000M\000e\000m\000b\000e\000r\000\040\000F\000u\000n\000c\000t\000i\000o\000n\000\040\000D\000o\000c\000u\000m\000e\000n\000t\000a\000t\000i\000o\000n}{section.11.2}% 95
\BOOKMARK [3][-]{subsubsection.11.2.3.1}{\376\377\0001\0001\000.\0002\000.\0003\000.\0001\000\040\000s\000e\000t\000\137\000o\000u\000t\000p\000u\000t\000\137\000n\000a\000m\000e\000\050\000\051\000\040\000[\0001\000/\0002\000]}{subsection.11.2.3}% 96
\BOOKMARK [3][-]{subsubsection.11.2.3.2}{\376\377\0001\0001\000.\0002\000.\0003\000.\0002\000\040\000s\000e\000t\000\137\000o\000u\000t\000p\000u\000t\000\137\000n\000a\000m\000e\000\050\000\051\000\040\000[\0002\000/\0002\000]}{subsection.11.2.3}% 97
\BOOKMARK [3][-]{subsubsection.11.2.3.3}{\376\377\0001\0001\000.\0002\000.\0003\000.\0003\000\040\000w\000r\000i\000t\000e\000\137\000c\000s\000v\000\050\000\051\000\040\000[\0001\000/\0002\000]}{subsection.11.2.3}% 98
\BOOKMARK [3][-]{subsubsection.11.2.3.4}{\376\377\0001\0001\000.\0002\000.\0003\000.\0004\000\040\000w\000r\000i\000t\000e\000\137\000c\000s\000v\000\050\000\051\000\040\000[\0002\000/\0002\000]}{subsection.11.2.3}% 99
\BOOKMARK [3][-]{subsubsection.11.2.3.5}{\376\377\0001\0001\000.\0002\000.\0003\000.\0005\000\040\000w\000r\000i\000t\000e\000\137\000s\000l\000i\000c\000e\0001\000d\000\137\000c\000s\000v\000\050\000\051}{subsection.11.2.3}% 100
\BOOKMARK [3][-]{subsubsection.11.2.3.6}{\376\377\0001\0001\000.\0002\000.\0003\000.\0006\000\040\000w\000r\000i\000t\000e\000\137\000s\000l\000i\000c\000e\0002\000d\000\137\000c\000s\000v\000\050\000\051}{subsection.11.2.3}% 101
\BOOKMARK [1][-]{section.11.3}{\376\377\0001\0001\000.\0003\000\040\000U\000l\000t\000r\000a\000C\000o\000l\000d\000:\000:\000M\000K\000L\000W\000r\000a\000p\000p\000e\000r\000s\000:\000:\000D\000F\000t\000C\000a\000l\000c\000u\000l\000a\000t\000o\000r\000\040\000C\000l\000a\000s\000s\000\040\000R\000e\000f\000e\000r\000e\000n\000c\000e}{chapter.11}% 102
\BOOKMARK [2][-]{subsection.11.3.1}{\376\377\0001\0001\000.\0003\000.\0001\000\040\000D\000e\000t\000a\000i\000l\000e\000d\000\040\000D\000e\000s\000c\000r\000i\000p\000t\000i\000o\000n}{section.11.3}% 103
\BOOKMARK [2][-]{subsection.11.3.2}{\376\377\0001\0001\000.\0003\000.\0002\000\040\000C\000o\000n\000s\000t\000r\000u\000c\000t\000o\000r\000\040\000\046\000\040\000D\000e\000s\000t\000r\000u\000c\000t\000o\000r\000\040\000D\000o\000c\000u\000m\000e\000n\000t\000a\000t\000i\000o\000n}{section.11.3}% 104
\BOOKMARK [3][-]{subsubsection.11.3.2.1}{\376\377\0001\0001\000.\0003\000.\0002\000.\0001\000\040\000D\000F\000t\000C\000a\000l\000c\000u\000l\000a\000t\000o\000r\000\050\000\051\000\040\000[\0001\000/\0002\000]}{subsection.11.3.2}% 105
\BOOKMARK [3][-]{subsubsection.11.3.2.2}{\376\377\0001\0001\000.\0003\000.\0002\000.\0002\000\040\000D\000F\000t\000C\000a\000l\000c\000u\000l\000a\000t\000o\000r\000\050\000\051\000\040\000[\0002\000/\0002\000]}{subsection.11.3.2}% 106
\BOOKMARK [3][-]{subsubsection.11.3.2.3}{\376\377\0001\0001\000.\0003\000.\0002\000.\0003\000\040\000\040\000D\000F\000t\000C\000a\000l\000c\000u\000l\000a\000t\000o\000r\000\050\000\051}{subsection.11.3.2}% 107
\BOOKMARK [2][-]{subsection.11.3.3}{\376\377\0001\0001\000.\0003\000.\0003\000\040\000M\000e\000m\000b\000e\000r\000\040\000F\000u\000n\000c\000t\000i\000o\000n\000\040\000D\000o\000c\000u\000m\000e\000n\000t\000a\000t\000i\000o\000n}{section.11.3}% 108
\BOOKMARK [3][-]{subsubsection.11.3.3.1}{\376\377\0001\0001\000.\0003\000.\0003\000.\0001\000\040\000c\000o\000m\000p\000u\000t\000e\000\137\000b\000a\000c\000k\000w\000a\000r\000d\000\050\000\051}{subsection.11.3.3}% 109
\BOOKMARK [3][-]{subsubsection.11.3.3.2}{\376\377\0001\0001\000.\0003\000.\0003\000.\0002\000\040\000c\000o\000m\000p\000u\000t\000e\000\137\000f\000o\000r\000w\000a\000r\000d\000\050\000\051}{subsection.11.3.3}% 110
\BOOKMARK [1][-]{section.11.4}{\376\377\0001\0001\000.\0004\000\040\000U\000l\000t\000r\000a\000C\000o\000l\000d\000:\000:\000G\000P\000S\000o\000l\000v\000e\000r\000s\000:\000:\000D\000i\000p\000o\000l\000a\000r\000G\000P\000S\000o\000l\000v\000e\000r\000\040\000C\000l\000a\000s\000s\000\040\000R\000e\000f\000e\000r\000e\000n\000c\000e}{chapter.11}% 111
\BOOKMARK [2][-]{subsection.11.4.1}{\376\377\0001\0001\000.\0004\000.\0001\000\040\000D\000e\000t\000a\000i\000l\000e\000d\000\040\000D\000e\000s\000c\000r\000i\000p\000t\000i\000o\000n}{section.11.4}% 112
\BOOKMARK [2][-]{subsection.11.4.2}{\376\377\0001\0001\000.\0004\000.\0002\000\040\000C\000o\000n\000s\000t\000r\000u\000c\000t\000o\000r\000\040\000\046\000\040\000D\000e\000s\000t\000r\000u\000c\000t\000o\000r\000\040\000D\000o\000c\000u\000m\000e\000n\000t\000a\000t\000i\000o\000n}{section.11.4}% 113
\BOOKMARK [3][-]{subsubsection.11.4.2.1}{\376\377\0001\0001\000.\0004\000.\0002\000.\0001\000\040\000D\000i\000p\000o\000l\000a\000r\000G\000P\000S\000o\000l\000v\000e\000r\000\050\000\051}{subsection.11.4.2}% 114
\BOOKMARK [3][-]{subsubsection.11.4.2.2}{\376\377\0001\0001\000.\0004\000.\0002\000.\0002\000\040\000\040\000D\000i\000p\000o\000l\000a\000r\000G\000P\000S\000o\000l\000v\000e\000r\000\050\000\051}{subsection.11.4.2}% 115
\BOOKMARK [2][-]{subsection.11.4.3}{\376\377\0001\0001\000.\0004\000.\0003\000\040\000M\000e\000m\000b\000e\000r\000\040\000F\000u\000n\000c\000t\000i\000o\000n\000\040\000D\000o\000c\000u\000m\000e\000n\000t\000a\000t\000i\000o\000n}{section.11.4}% 116
\BOOKMARK [3][-]{subsubsection.11.4.3.1}{\376\377\0001\0001\000.\0004\000.\0003\000.\0001\000\040\000r\000e\000i\000n\000i\000t\000\050\000\051}{subsection.11.4.3}% 117
\BOOKMARK [3][-]{subsubsection.11.4.3.2}{\376\377\0001\0001\000.\0004\000.\0003\000.\0002\000\040\000r\000u\000n\000\137\000g\000r\000a\000d\000i\000e\000n\000t\000\137\000d\000e\000s\000c\000e\000n\000t\000\050\000\051}{subsection.11.4.3}% 118
\BOOKMARK [3][-]{subsubsection.11.4.3.3}{\376\377\0001\0001\000.\0004\000.\0003\000.\0003\000\040\000r\000u\000n\000\137\000o\000p\000e\000r\000a\000t\000o\000r\000\137\000s\000p\000l\000i\000t\000t\000i\000n\000g\000\050\000\051\000\040\000[\0001\000/\0004\000]}{subsection.11.4.3}% 119
\BOOKMARK [3][-]{subsubsection.11.4.3.4}{\376\377\0001\0001\000.\0004\000.\0003\000.\0004\000\040\000r\000u\000n\000\137\000o\000p\000e\000r\000a\000t\000o\000r\000\137\000s\000p\000l\000i\000t\000t\000i\000n\000g\000\050\000\051\000\040\000[\0002\000/\0004\000]}{subsection.11.4.3}% 120
\BOOKMARK [3][-]{subsubsection.11.4.3.5}{\376\377\0001\0001\000.\0004\000.\0003\000.\0005\000\040\000r\000u\000n\000\137\000o\000p\000e\000r\000a\000t\000o\000r\000\137\000s\000p\000l\000i\000t\000t\000i\000n\000g\000\050\000\051\000\040\000[\0003\000/\0004\000]}{subsection.11.4.3}% 121
\BOOKMARK [3][-]{subsubsection.11.4.3.6}{\376\377\0001\0001\000.\0004\000.\0003\000.\0006\000\040\000r\000u\000n\000\137\000o\000p\000e\000r\000a\000t\000o\000r\000\137\000s\000p\000l\000i\000t\000t\000i\000n\000g\000\050\000\051\000\040\000[\0004\000/\0004\000]}{subsection.11.4.3}% 122
\BOOKMARK [3][-]{subsubsection.11.4.3.7}{\376\377\0001\0001\000.\0004\000.\0003\000.\0007\000\040\000s\000o\000l\000v\000e\000\137\000s\000t\000e\000p\000\137\0001\000\137\000o\000p\000e\000r\000a\000t\000o\000r\000\137\000s\000p\000l\000i\000t\000t\000i\000n\000g\000\050\000\051\000\040\000[\0001\000/\0004\000]}{subsection.11.4.3}% 123
\BOOKMARK [3][-]{subsubsection.11.4.3.8}{\376\377\0001\0001\000.\0004\000.\0003\000.\0008\000\040\000s\000o\000l\000v\000e\000\137\000s\000t\000e\000p\000\137\0001\000\137\000o\000p\000e\000r\000a\000t\000o\000r\000\137\000s\000p\000l\000i\000t\000t\000i\000n\000g\000\050\000\051\000\040\000[\0002\000/\0004\000]}{subsection.11.4.3}% 124
\BOOKMARK [3][-]{subsubsection.11.4.3.9}{\376\377\0001\0001\000.\0004\000.\0003\000.\0009\000\040\000s\000o\000l\000v\000e\000\137\000s\000t\000e\000p\000\137\0001\000\137\000o\000p\000e\000r\000a\000t\000o\000r\000\137\000s\000p\000l\000i\000t\000t\000i\000n\000g\000\050\000\051\000\040\000[\0003\000/\0004\000]}{subsection.11.4.3}% 125
\BOOKMARK [3][-]{subsubsection.11.4.3.10}{\376\377\0001\0001\000.\0004\000.\0003\000.\0001\0000\000\040\000s\000o\000l\000v\000e\000\137\000s\000t\000e\000p\000\137\0001\000\137\000o\000p\000e\000r\000a\000t\000o\000r\000\137\000s\000p\000l\000i\000t\000t\000i\000n\000g\000\050\000\051\000\040\000[\0004\000/\0004\000]}{subsection.11.4.3}% 126
\BOOKMARK [3][-]{subsubsection.11.4.3.11}{\376\377\0001\0001\000.\0004\000.\0003\000.\0001\0001\000\040\000s\000o\000l\000v\000e\000\137\000s\000t\000e\000p\000\137\0002\000\137\000o\000p\000e\000r\000a\000t\000o\000r\000\137\000s\000p\000l\000i\000t\000t\000i\000n\000g\000\050\000\051}{subsection.11.4.3}% 127
\BOOKMARK [3][-]{subsubsection.11.4.3.12}{\376\377\0001\0001\000.\0004\000.\0003\000.\0001\0002\000\040\000w\000r\000i\000t\000e\000\137\000g\000r\000a\000d\000i\000e\000n\000t\000\137\000d\000e\000s\000c\000e\000n\000t\000\137\000o\000u\000t\000p\000u\000t\000\050\000\051}{subsection.11.4.3}% 128
\BOOKMARK [3][-]{subsubsection.11.4.3.13}{\376\377\0001\0001\000.\0004\000.\0003\000.\0001\0003\000\040\000w\000r\000i\000t\000e\000\137\000o\000p\000e\000r\000a\000t\000o\000r\000\137\000s\000p\000l\000i\000t\000t\000i\000n\000g\000\137\000o\000u\000t\000p\000u\000t\000\050\000\051\000\040\000[\0001\000/\0004\000]}{subsection.11.4.3}% 129
\BOOKMARK [3][-]{subsubsection.11.4.3.14}{\376\377\0001\0001\000.\0004\000.\0003\000.\0001\0004\000\040\000w\000r\000i\000t\000e\000\137\000o\000p\000e\000r\000a\000t\000o\000r\000\137\000s\000p\000l\000i\000t\000t\000i\000n\000g\000\137\000o\000u\000t\000p\000u\000t\000\050\000\051\000\040\000[\0002\000/\0004\000]}{subsection.11.4.3}% 130
\BOOKMARK [3][-]{subsubsection.11.4.3.15}{\376\377\0001\0001\000.\0004\000.\0003\000.\0001\0005\000\040\000w\000r\000i\000t\000e\000\137\000o\000p\000e\000r\000a\000t\000o\000r\000\137\000s\000p\000l\000i\000t\000t\000i\000n\000g\000\137\000o\000u\000t\000p\000u\000t\000\050\000\051\000\040\000[\0003\000/\0004\000]}{subsection.11.4.3}% 131
\BOOKMARK [3][-]{subsubsection.11.4.3.16}{\376\377\0001\0001\000.\0004\000.\0003\000.\0001\0006\000\040\000w\000r\000i\000t\000e\000\137\000o\000p\000e\000r\000a\000t\000o\000r\000\137\000s\000p\000l\000i\000t\000t\000i\000n\000g\000\137\000o\000u\000t\000p\000u\000t\000\050\000\051\000\040\000[\0004\000/\0004\000]}{subsection.11.4.3}% 132
\BOOKMARK [2][-]{subsection.11.4.4}{\376\377\0001\0001\000.\0004\000.\0004\000\040\000M\000e\000m\000b\000e\000r\000\040\000D\000a\000t\000a\000\040\000D\000o\000c\000u\000m\000e\000n\000t\000a\000t\000i\000o\000n}{section.11.4}% 133
\BOOKMARK [3][-]{subsubsection.11.4.4.1}{\376\377\0001\0001\000.\0004\000.\0004\000.\0001\000\040\000c\000h\000e\000m\000i\000c\000a\000l\000\137\000p\000o\000t\000e\000n\000t\000i\000a\000l}{subsection.11.4.4}% 134
\BOOKMARK [3][-]{subsubsection.11.4.4.2}{\376\377\0001\0001\000.\0004\000.\0004\000.\0002\000\040\000c\000i}{subsection.11.4.4}% 135
\BOOKMARK [3][-]{subsubsection.11.4.4.3}{\376\377\0001\0001\000.\0004\000.\0004\000.\0003\000\040\000d\000i\000p\000o\000l\000a\000r\000\137\000l\000e\000n\000g\000t\000h}{subsection.11.4.4}% 136
\BOOKMARK [3][-]{subsubsection.11.4.4.4}{\376\377\0001\0001\000.\0004\000.\0004\000.\0004\000\040\000d\000v}{subsection.11.4.4}% 137
\BOOKMARK [3][-]{subsubsection.11.4.4.5}{\376\377\0001\0001\000.\0004\000.\0004\000.\0005\000\040\000d\000x}{subsection.11.4.4}% 138
\BOOKMARK [3][-]{subsubsection.11.4.4.6}{\376\377\0001\0001\000.\0004\000.\0004\000.\0006\000\040\000d\000y}{subsection.11.4.4}% 139
\BOOKMARK [3][-]{subsubsection.11.4.4.7}{\376\377\0001\0001\000.\0004\000.\0004\000.\0007\000\040\000d\000z}{subsection.11.4.4}% 140
\BOOKMARK [3][-]{subsubsection.11.4.4.8}{\376\377\0001\0001\000.\0004\000.\0004\000.\0008\000\040\000e\000p\000s\000i\000l\000o\000n\000\137\000d\000d}{subsection.11.4.4}% 141
\BOOKMARK [3][-]{subsubsection.11.4.4.9}{\376\377\0001\0001\000.\0004\000.\0004\000.\0009\000\040\000g\000a\000m\000m\000a\000\137\000e\000p\000s\000i\000l\000o\000n\000\137\000d\000d}{subsection.11.4.4}% 142
\BOOKMARK [3][-]{subsubsection.11.4.4.10}{\376\377\0001\0001\000.\0004\000.\0004\000.\0001\0000\000\040\000h\000p\000s\000i}{subsection.11.4.4}% 143
\BOOKMARK [3][-]{subsubsection.11.4.4.11}{\376\377\0001\0001\000.\0004\000.\0004\000.\0001\0001\000\040\000i\000n\000i\000t\000i\000a\000l\000\137\000n\000o\000r\000m}{subsection.11.4.4}% 144
\BOOKMARK [3][-]{subsubsection.11.4.4.12}{\376\377\0001\0001\000.\0004\000.\0004\000.\0001\0002\000\040\000k\000m\000o\000d\0002}{subsection.11.4.4}% 145
\BOOKMARK [3][-]{subsubsection.11.4.4.13}{\376\377\0001\0001\000.\0004\000.\0004\000.\0001\0003\000\040\000k\000x}{subsection.11.4.4}% 146
\BOOKMARK [3][-]{subsubsection.11.4.4.14}{\376\377\0001\0001\000.\0004\000.\0004\000.\0001\0004\000\040\000k\000y}{subsection.11.4.4}% 147
\BOOKMARK [3][-]{subsubsection.11.4.4.15}{\376\377\0001\0001\000.\0004\000.\0004\000.\0001\0005\000\040\000k\000z}{subsection.11.4.4}% 148
\BOOKMARK [3][-]{subsubsection.11.4.4.16}{\376\377\0001\0001\000.\0004\000.\0004\000.\0001\0006\000\040\000l\000a\000s\000t\000\137\000i\000t\000e\000r\000a\000t\000i\000o\000n\000\137\000n\000u\000m\000b\000e\000r}{subsection.11.4.4}% 149
\BOOKMARK [3][-]{subsubsection.11.4.4.17}{\376\377\0001\0001\000.\0004\000.\0004\000.\0001\0007\000\040\000n\000o\000r\000m}{subsection.11.4.4}% 150
\BOOKMARK [3][-]{subsubsection.11.4.4.18}{\376\377\0001\0001\000.\0004\000.\0004\000.\0001\0008\000\040\000n\000x}{subsection.11.4.4}% 151
\BOOKMARK [3][-]{subsubsection.11.4.4.19}{\376\377\0001\0001\000.\0004\000.\0004\000.\0001\0009\000\040\000n\000y}{subsection.11.4.4}% 152
\BOOKMARK [3][-]{subsubsection.11.4.4.20}{\376\377\0001\0001\000.\0004\000.\0004\000.\0002\0000\000\040\000n\000z}{subsection.11.4.4}% 153
\BOOKMARK [3][-]{subsubsection.11.4.4.21}{\376\377\0001\0001\000.\0004\000.\0004\000.\0002\0001\000\040\000P\000h\000i\000\137\000d\000d}{subsection.11.4.4}% 154
\BOOKMARK [3][-]{subsubsection.11.4.4.22}{\376\377\0001\0001\000.\0004\000.\0004\000.\0002\0002\000\040\000P\000h\000i\000\137\000t\000i\000l\000d\000e}{subsection.11.4.4}% 155
\BOOKMARK [3][-]{subsubsection.11.4.4.23}{\376\377\0001\0001\000.\0004\000.\0004\000.\0002\0003\000\040\000p\000s\000i}{subsection.11.4.4}% 156
\BOOKMARK [3][-]{subsubsection.11.4.4.24}{\376\377\0001\0001\000.\0004\000.\0004\000.\0002\0004\000\040\000p\000s\000i\000t\000i\000l\000d\000e}{subsection.11.4.4}% 157
\BOOKMARK [3][-]{subsubsection.11.4.4.25}{\376\377\0001\0001\000.\0004\000.\0004\000.\0002\0005\000\040\000r\000e\000s\000i\000d\000u\000a\000l}{subsection.11.4.4}% 158
\BOOKMARK [3][-]{subsubsection.11.4.4.26}{\376\377\0001\0001\000.\0004\000.\0004\000.\0002\0006\000\040\000s\000c\000a\000t\000t\000e\000r\000i\000n\000g\000\137\000l\000e\000n\000g\000t\000h}{subsection.11.4.4}% 159
\BOOKMARK [3][-]{subsubsection.11.4.4.27}{\376\377\0001\0001\000.\0004\000.\0004\000.\0002\0007\000\040\000t\000i\000m\000e\000\137\000s\000t\000e\000p}{subsection.11.4.4}% 160
\BOOKMARK [3][-]{subsubsection.11.4.4.28}{\376\377\0001\0001\000.\0004\000.\0004\000.\0002\0008\000\040\000V\000e\000x\000t}{subsection.11.4.4}% 161
\BOOKMARK [3][-]{subsubsection.11.4.4.29}{\376\377\0001\0001\000.\0004\000.\0004\000.\0002\0009\000\040\000V\000t\000i\000l\000d\000e}{subsection.11.4.4}% 162
\BOOKMARK [3][-]{subsubsection.11.4.4.30}{\376\377\0001\0001\000.\0004\000.\0004\000.\0003\0000\000\040\000x}{subsection.11.4.4}% 163
\BOOKMARK [3][-]{subsubsection.11.4.4.31}{\376\377\0001\0001\000.\0004\000.\0004\000.\0003\0001\000\040\000y}{subsection.11.4.4}% 164
\BOOKMARK [3][-]{subsubsection.11.4.4.32}{\376\377\0001\0001\000.\0004\000.\0004\000.\0003\0002\000\040\000z}{subsection.11.4.4}% 165
\BOOKMARK [1][-]{section.11.5}{\376\377\0001\0001\000.\0005\000\040\000U\000l\000t\000r\000a\000C\000o\000l\000d\000:\000:\000G\000P\000S\000o\000l\000v\000e\000r\000s\000:\000:\000G\000P\000S\000o\000l\000v\000e\000r\000\040\000C\000l\000a\000s\000s\000\040\000R\000e\000f\000e\000r\000e\000n\000c\000e}{chapter.11}% 166
\BOOKMARK [2][-]{subsection.11.5.1}{\376\377\0001\0001\000.\0005\000.\0001\000\040\000D\000e\000t\000a\000i\000l\000e\000d\000\040\000D\000e\000s\000c\000r\000i\000p\000t\000i\000o\000n}{section.11.5}% 167
\BOOKMARK [2][-]{subsection.11.5.2}{\376\377\0001\0001\000.\0005\000.\0002\000\040\000C\000o\000n\000s\000t\000r\000u\000c\000t\000o\000r\000\040\000\046\000\040\000D\000e\000s\000t\000r\000u\000c\000t\000o\000r\000\040\000D\000o\000c\000u\000m\000e\000n\000t\000a\000t\000i\000o\000n}{section.11.5}% 168
\BOOKMARK [3][-]{subsubsection.11.5.2.1}{\376\377\0001\0001\000.\0005\000.\0002\000.\0001\000\040\000G\000P\000S\000o\000l\000v\000e\000r\000\050\000\051\000\040\000[\0001\000/\0003\000]}{subsection.11.5.2}% 169
\BOOKMARK [3][-]{subsubsection.11.5.2.2}{\376\377\0001\0001\000.\0005\000.\0002\000.\0002\000\040\000G\000P\000S\000o\000l\000v\000e\000r\000\050\000\051\000\040\000[\0002\000/\0003\000]}{subsection.11.5.2}% 170
\BOOKMARK [3][-]{subsubsection.11.5.2.3}{\376\377\0001\0001\000.\0005\000.\0002\000.\0003\000\040\000G\000P\000S\000o\000l\000v\000e\000r\000\050\000\051\000\040\000[\0003\000/\0003\000]}{subsection.11.5.2}% 171
\BOOKMARK [3][-]{subsubsection.11.5.2.4}{\376\377\0001\0001\000.\0005\000.\0002\000.\0004\000\040\000\040\000G\000P\000S\000o\000l\000v\000e\000r\000\050\000\051}{subsection.11.5.2}% 172
\BOOKMARK [2][-]{subsection.11.5.3}{\376\377\0001\0001\000.\0005\000.\0003\000\040\000M\000e\000m\000b\000e\000r\000\040\000F\000u\000n\000c\000t\000i\000o\000n\000\040\000D\000o\000c\000u\000m\000e\000n\000t\000a\000t\000i\000o\000n}{section.11.5}% 173
\BOOKMARK [3][-]{subsubsection.11.5.3.1}{\376\377\0001\0001\000.\0005\000.\0003\000.\0001\000\040\000r\000e\000i\000n\000i\000t\000\050\000\051}{subsection.11.5.3}% 174
\BOOKMARK [3][-]{subsubsection.11.5.3.2}{\376\377\0001\0001\000.\0005\000.\0003\000.\0002\000\040\000r\000u\000n\000\137\000g\000r\000a\000d\000i\000e\000n\000t\000\137\000d\000e\000s\000c\000e\000n\000t\000\050\000\051}{subsection.11.5.3}% 175
\BOOKMARK [3][-]{subsubsection.11.5.3.3}{\376\377\0001\0001\000.\0005\000.\0003\000.\0003\000\040\000r\000u\000n\000\137\000o\000p\000e\000r\000a\000t\000o\000r\000\137\000s\000p\000l\000i\000t\000t\000i\000n\000g\000\050\000\051\000\040\000[\0001\000/\0004\000]}{subsection.11.5.3}% 176
\BOOKMARK [3][-]{subsubsection.11.5.3.4}{\376\377\0001\0001\000.\0005\000.\0003\000.\0004\000\040\000r\000u\000n\000\137\000o\000p\000e\000r\000a\000t\000o\000r\000\137\000s\000p\000l\000i\000t\000t\000i\000n\000g\000\050\000\051\000\040\000[\0002\000/\0004\000]}{subsection.11.5.3}% 177
\BOOKMARK [3][-]{subsubsection.11.5.3.5}{\376\377\0001\0001\000.\0005\000.\0003\000.\0005\000\040\000r\000u\000n\000\137\000o\000p\000e\000r\000a\000t\000o\000r\000\137\000s\000p\000l\000i\000t\000t\000i\000n\000g\000\050\000\051\000\040\000[\0003\000/\0004\000]}{subsection.11.5.3}% 178
\BOOKMARK [3][-]{subsubsection.11.5.3.6}{\376\377\0001\0001\000.\0005\000.\0003\000.\0006\000\040\000r\000u\000n\000\137\000o\000p\000e\000r\000a\000t\000o\000r\000\137\000s\000p\000l\000i\000t\000t\000i\000n\000g\000\050\000\051\000\040\000[\0004\000/\0004\000]}{subsection.11.5.3}% 179
\BOOKMARK [3][-]{subsubsection.11.5.3.7}{\376\377\0001\0001\000.\0005\000.\0003\000.\0007\000\040\000s\000o\000l\000v\000e\000\137\000s\000t\000e\000p\000\137\0001\000\137\000o\000p\000e\000r\000a\000t\000o\000r\000\137\000s\000p\000l\000i\000t\000t\000i\000n\000g\000\050\000\051\000\040\000[\0001\000/\0004\000]}{subsection.11.5.3}% 180
\BOOKMARK [3][-]{subsubsection.11.5.3.8}{\376\377\0001\0001\000.\0005\000.\0003\000.\0008\000\040\000s\000o\000l\000v\000e\000\137\000s\000t\000e\000p\000\137\0001\000\137\000o\000p\000e\000r\000a\000t\000o\000r\000\137\000s\000p\000l\000i\000t\000t\000i\000n\000g\000\050\000\051\000\040\000[\0002\000/\0004\000]}{subsection.11.5.3}% 181
\BOOKMARK [3][-]{subsubsection.11.5.3.9}{\376\377\0001\0001\000.\0005\000.\0003\000.\0009\000\040\000s\000o\000l\000v\000e\000\137\000s\000t\000e\000p\000\137\0001\000\137\000o\000p\000e\000r\000a\000t\000o\000r\000\137\000s\000p\000l\000i\000t\000t\000i\000n\000g\000\050\000\051\000\040\000[\0003\000/\0004\000]}{subsection.11.5.3}% 182
\BOOKMARK [3][-]{subsubsection.11.5.3.10}{\376\377\0001\0001\000.\0005\000.\0003\000.\0001\0000\000\040\000s\000o\000l\000v\000e\000\137\000s\000t\000e\000p\000\137\0001\000\137\000o\000p\000e\000r\000a\000t\000o\000r\000\137\000s\000p\000l\000i\000t\000t\000i\000n\000g\000\050\000\051\000\040\000[\0004\000/\0004\000]}{subsection.11.5.3}% 183
\BOOKMARK [3][-]{subsubsection.11.5.3.11}{\376\377\0001\0001\000.\0005\000.\0003\000.\0001\0001\000\040\000s\000o\000l\000v\000e\000\137\000s\000t\000e\000p\000\137\0002\000\137\000o\000p\000e\000r\000a\000t\000o\000r\000\137\000s\000p\000l\000i\000t\000t\000i\000n\000g\000\050\000\051}{subsection.11.5.3}% 184
\BOOKMARK [3][-]{subsubsection.11.5.3.12}{\376\377\0001\0001\000.\0005\000.\0003\000.\0001\0002\000\040\000w\000r\000i\000t\000e\000\137\000g\000r\000a\000d\000i\000e\000n\000t\000\137\000d\000e\000s\000c\000e\000n\000t\000\137\000o\000u\000t\000p\000u\000t\000\050\000\051}{subsection.11.5.3}% 185
\BOOKMARK [3][-]{subsubsection.11.5.3.13}{\376\377\0001\0001\000.\0005\000.\0003\000.\0001\0003\000\040\000w\000r\000i\000t\000e\000\137\000o\000p\000e\000r\000a\000t\000o\000r\000\137\000s\000p\000l\000i\000t\000t\000i\000n\000g\000\137\000o\000u\000t\000p\000u\000t\000\050\000\051\000\040\000[\0001\000/\0004\000]}{subsection.11.5.3}% 186
\BOOKMARK [3][-]{subsubsection.11.5.3.14}{\376\377\0001\0001\000.\0005\000.\0003\000.\0001\0004\000\040\000w\000r\000i\000t\000e\000\137\000o\000p\000e\000r\000a\000t\000o\000r\000\137\000s\000p\000l\000i\000t\000t\000i\000n\000g\000\137\000o\000u\000t\000p\000u\000t\000\050\000\051\000\040\000[\0002\000/\0004\000]}{subsection.11.5.3}% 187
\BOOKMARK [3][-]{subsubsection.11.5.3.15}{\376\377\0001\0001\000.\0005\000.\0003\000.\0001\0005\000\040\000w\000r\000i\000t\000e\000\137\000o\000p\000e\000r\000a\000t\000o\000r\000\137\000s\000p\000l\000i\000t\000t\000i\000n\000g\000\137\000o\000u\000t\000p\000u\000t\000\050\000\051\000\040\000[\0003\000/\0004\000]}{subsection.11.5.3}% 188
\BOOKMARK [3][-]{subsubsection.11.5.3.16}{\376\377\0001\0001\000.\0005\000.\0003\000.\0001\0006\000\040\000w\000r\000i\000t\000e\000\137\000o\000p\000e\000r\000a\000t\000o\000r\000\137\000s\000p\000l\000i\000t\000t\000i\000n\000g\000\137\000o\000u\000t\000p\000u\000t\000\050\000\051\000\040\000[\0004\000/\0004\000]}{subsection.11.5.3}% 189
\BOOKMARK [2][-]{subsection.11.5.4}{\376\377\0001\0001\000.\0005\000.\0004\000\040\000M\000e\000m\000b\000e\000r\000\040\000D\000a\000t\000a\000\040\000D\000o\000c\000u\000m\000e\000n\000t\000a\000t\000i\000o\000n}{section.11.5}% 190
\BOOKMARK [3][-]{subsubsection.11.5.4.1}{\376\377\0001\0001\000.\0005\000.\0004\000.\0001\000\040\000c\000h\000e\000m\000i\000c\000a\000l\000\137\000p\000o\000t\000e\000n\000t\000i\000a\000l}{subsection.11.5.4}% 191
\BOOKMARK [3][-]{subsubsection.11.5.4.2}{\376\377\0001\0001\000.\0005\000.\0004\000.\0002\000\040\000c\000i}{subsection.11.5.4}% 192
\BOOKMARK [3][-]{subsubsection.11.5.4.3}{\376\377\0001\0001\000.\0005\000.\0004\000.\0003\000\040\000d\000v}{subsection.11.5.4}% 193
\BOOKMARK [3][-]{subsubsection.11.5.4.4}{\376\377\0001\0001\000.\0005\000.\0004\000.\0004\000\040\000d\000x}{subsection.11.5.4}% 194
\BOOKMARK [3][-]{subsubsection.11.5.4.5}{\376\377\0001\0001\000.\0005\000.\0004\000.\0005\000\040\000d\000y}{subsection.11.5.4}% 195
\BOOKMARK [3][-]{subsubsection.11.5.4.6}{\376\377\0001\0001\000.\0005\000.\0004\000.\0006\000\040\000d\000z}{subsection.11.5.4}% 196
\BOOKMARK [3][-]{subsubsection.11.5.4.7}{\376\377\0001\0001\000.\0005\000.\0004\000.\0007\000\040\000h\000p\000s\000i}{subsection.11.5.4}% 197
\BOOKMARK [3][-]{subsubsection.11.5.4.8}{\376\377\0001\0001\000.\0005\000.\0004\000.\0008\000\040\000i\000n\000i\000t\000i\000a\000l\000\137\000n\000o\000r\000m}{subsection.11.5.4}% 198
\BOOKMARK [3][-]{subsubsection.11.5.4.9}{\376\377\0001\0001\000.\0005\000.\0004\000.\0009\000\040\000k\000m\000o\000d\0002}{subsection.11.5.4}% 199
\BOOKMARK [3][-]{subsubsection.11.5.4.10}{\376\377\0001\0001\000.\0005\000.\0004\000.\0001\0000\000\040\000k\000x}{subsection.11.5.4}% 200
\BOOKMARK [3][-]{subsubsection.11.5.4.11}{\376\377\0001\0001\000.\0005\000.\0004\000.\0001\0001\000\040\000k\000y}{subsection.11.5.4}% 201
\BOOKMARK [3][-]{subsubsection.11.5.4.12}{\376\377\0001\0001\000.\0005\000.\0004\000.\0001\0002\000\040\000k\000z}{subsection.11.5.4}% 202
\BOOKMARK [3][-]{subsubsection.11.5.4.13}{\376\377\0001\0001\000.\0005\000.\0004\000.\0001\0003\000\040\000l\000a\000s\000t\000\137\000i\000t\000e\000r\000a\000t\000i\000o\000n\000\137\000n\000u\000m\000b\000e\000r}{subsection.11.5.4}% 203
\BOOKMARK [3][-]{subsubsection.11.5.4.14}{\376\377\0001\0001\000.\0005\000.\0004\000.\0001\0004\000\040\000n\000o\000r\000m}{subsection.11.5.4}% 204
\BOOKMARK [3][-]{subsubsection.11.5.4.15}{\376\377\0001\0001\000.\0005\000.\0004\000.\0001\0005\000\040\000n\000x}{subsection.11.5.4}% 205
\BOOKMARK [3][-]{subsubsection.11.5.4.16}{\376\377\0001\0001\000.\0005\000.\0004\000.\0001\0006\000\040\000n\000y}{subsection.11.5.4}% 206
\BOOKMARK [3][-]{subsubsection.11.5.4.17}{\376\377\0001\0001\000.\0005\000.\0004\000.\0001\0007\000\040\000n\000z}{subsection.11.5.4}% 207
\BOOKMARK [3][-]{subsubsection.11.5.4.18}{\376\377\0001\0001\000.\0005\000.\0004\000.\0001\0008\000\040\000p\000s\000i}{subsection.11.5.4}% 208
\BOOKMARK [3][-]{subsubsection.11.5.4.19}{\376\377\0001\0001\000.\0005\000.\0004\000.\0001\0009\000\040\000p\000s\000i\000t\000i\000l\000d\000e}{subsection.11.5.4}% 209
\BOOKMARK [3][-]{subsubsection.11.5.4.20}{\376\377\0001\0001\000.\0005\000.\0004\000.\0002\0000\000\040\000r\000e\000s\000i\000d\000u\000a\000l}{subsection.11.5.4}% 210
\BOOKMARK [3][-]{subsubsection.11.5.4.21}{\376\377\0001\0001\000.\0005\000.\0004\000.\0002\0001\000\040\000s\000c\000a\000t\000t\000e\000r\000i\000n\000g\000\137\000l\000e\000n\000g\000t\000h}{subsection.11.5.4}% 211
\BOOKMARK [3][-]{subsubsection.11.5.4.22}{\376\377\0001\0001\000.\0005\000.\0004\000.\0002\0002\000\040\000t\000i\000m\000e\000\137\000s\000t\000e\000p}{subsection.11.5.4}% 212
\BOOKMARK [3][-]{subsubsection.11.5.4.23}{\376\377\0001\0001\000.\0005\000.\0004\000.\0002\0003\000\040\000V\000e\000x\000t}{subsection.11.5.4}% 213
\BOOKMARK [3][-]{subsubsection.11.5.4.24}{\376\377\0001\0001\000.\0005\000.\0004\000.\0002\0004\000\040\000x}{subsection.11.5.4}% 214
\BOOKMARK [3][-]{subsubsection.11.5.4.25}{\376\377\0001\0001\000.\0005\000.\0004\000.\0002\0005\000\040\000y}{subsection.11.5.4}% 215
\BOOKMARK [3][-]{subsubsection.11.5.4.26}{\376\377\0001\0001\000.\0005\000.\0004\000.\0002\0006\000\040\000z}{subsection.11.5.4}% 216
\BOOKMARK [1][-]{section.11.6}{\376\377\0001\0001\000.\0006\000\040\000U\000l\000t\000r\000a\000C\000o\000l\000d\000:\000:\000T\000o\000o\000l\000s\000:\000:\000H\000a\000r\000d\000w\000a\000r\000e\000I\000n\000s\000p\000e\000c\000t\000o\000r\000\040\000C\000l\000a\000s\000s\000\040\000R\000e\000f\000e\000r\000e\000n\000c\000e}{chapter.11}% 217
\BOOKMARK [2][-]{subsection.11.6.1}{\376\377\0001\0001\000.\0006\000.\0001\000\040\000D\000e\000t\000a\000i\000l\000e\000d\000\040\000D\000e\000s\000c\000r\000i\000p\000t\000i\000o\000n}{section.11.6}% 218
\BOOKMARK [2][-]{subsection.11.6.2}{\376\377\0001\0001\000.\0006\000.\0002\000\040\000C\000o\000n\000s\000t\000r\000u\000c\000t\000o\000r\000\040\000\046\000\040\000D\000e\000s\000t\000r\000u\000c\000t\000o\000r\000\040\000D\000o\000c\000u\000m\000e\000n\000t\000a\000t\000i\000o\000n}{section.11.6}% 219
\BOOKMARK [3][-]{subsubsection.11.6.2.1}{\376\377\0001\0001\000.\0006\000.\0002\000.\0001\000\040\000H\000a\000r\000d\000w\000a\000r\000e\000I\000n\000s\000p\000e\000c\000t\000o\000r\000\050\000\051}{subsection.11.6.2}% 220
\BOOKMARK [3][-]{subsubsection.11.6.2.2}{\376\377\0001\0001\000.\0006\000.\0002\000.\0002\000\040\000\040\000H\000a\000r\000d\000w\000a\000r\000e\000I\000n\000s\000p\000e\000c\000t\000o\000r\000\050\000\051}{subsection.11.6.2}% 221
\BOOKMARK [2][-]{subsection.11.6.3}{\376\377\0001\0001\000.\0006\000.\0003\000\040\000M\000e\000m\000b\000e\000r\000\040\000F\000u\000n\000c\000t\000i\000o\000n\000\040\000D\000o\000c\000u\000m\000e\000n\000t\000a\000t\000i\000o\000n}{section.11.6}% 222
\BOOKMARK [3][-]{subsubsection.11.6.3.1}{\376\377\0001\0001\000.\0006\000.\0003\000.\0001\000\040\000g\000e\000t\000\137\000n\000u\000m\000b\000e\000r\000\137\000o\000f\000\137\000a\000v\000a\000i\000l\000a\000b\000l\000e\000\137\000p\000r\000o\000c\000e\000s\000s\000o\000r\000s\000\050\000\051}{subsection.11.6.3}% 223
\BOOKMARK [3][-]{subsubsection.11.6.3.2}{\376\377\0001\0001\000.\0006\000.\0003\000.\0002\000\040\000g\000e\000t\000\137\000n\000u\000m\000b\000e\000r\000\137\000o\000f\000\137\000p\000r\000o\000c\000e\000s\000s\000o\000r\000s\000\050\000\051}{subsection.11.6.3}% 224
\BOOKMARK [3][-]{subsubsection.11.6.3.3}{\376\377\0001\0001\000.\0006\000.\0003\000.\0003\000\040\000p\000r\000i\000n\000t\000\137\000c\000p\000u\000\137\000i\000n\000f\000o\000r\000m\000a\000t\000i\000o\000n\000\050\000\051}{subsection.11.6.3}% 225
\BOOKMARK [1][-]{section.11.7}{\376\377\0001\0001\000.\0007\000\040\000U\000l\000t\000r\000a\000C\000o\000l\000d\000:\000:\000T\000o\000o\000l\000s\000:\000:\000I\000n\000p\000u\000t\000P\000a\000r\000s\000e\000r\000\040\000C\000l\000a\000s\000s\000\040\000R\000e\000f\000e\000r\000e\000n\000c\000e}{chapter.11}% 226
\BOOKMARK [2][-]{subsection.11.7.1}{\376\377\0001\0001\000.\0007\000.\0001\000\040\000D\000e\000t\000a\000i\000l\000e\000d\000\040\000D\000e\000s\000c\000r\000i\000p\000t\000i\000o\000n}{section.11.7}% 227
\BOOKMARK [2][-]{subsection.11.7.2}{\376\377\0001\0001\000.\0007\000.\0002\000\040\000C\000o\000n\000s\000t\000r\000u\000c\000t\000o\000r\000\040\000\046\000\040\000D\000e\000s\000t\000r\000u\000c\000t\000o\000r\000\040\000D\000o\000c\000u\000m\000e\000n\000t\000a\000t\000i\000o\000n}{section.11.7}% 228
\BOOKMARK [3][-]{subsubsection.11.7.2.1}{\376\377\0001\0001\000.\0007\000.\0002\000.\0001\000\040\000I\000n\000p\000u\000t\000P\000a\000r\000s\000e\000r\000\050\000\051}{subsection.11.7.2}% 229
\BOOKMARK [3][-]{subsubsection.11.7.2.2}{\376\377\0001\0001\000.\0007\000.\0002\000.\0002\000\040\000\040\000I\000n\000p\000u\000t\000P\000a\000r\000s\000e\000r\000\050\000\051}{subsection.11.7.2}% 230
\BOOKMARK [2][-]{subsection.11.7.3}{\376\377\0001\0001\000.\0007\000.\0003\000\040\000M\000e\000m\000b\000e\000r\000\040\000F\000u\000n\000c\000t\000i\000o\000n\000\040\000D\000o\000c\000u\000m\000e\000n\000t\000a\000t\000i\000o\000n}{section.11.7}% 231
\BOOKMARK [3][-]{subsubsection.11.7.3.1}{\376\377\0001\0001\000.\0007\000.\0003\000.\0001\000\040\000r\000e\000a\000d\000\137\000i\000n\000p\000u\000t\000\137\000f\000i\000l\000e\000\050\000\051}{subsection.11.7.3}% 232
\BOOKMARK [3][-]{subsubsection.11.7.3.2}{\376\377\0001\0001\000.\0007\000.\0003\000.\0002\000\040\000r\000e\000t\000r\000i\000e\000v\000e\000\137\000b\000o\000o\000l\000\050\000\051}{subsection.11.7.3}% 233
\BOOKMARK [3][-]{subsubsection.11.7.3.3}{\376\377\0001\0001\000.\0007\000.\0003\000.\0003\000\040\000r\000e\000t\000r\000i\000e\000v\000e\000\137\000d\000o\000u\000b\000l\000e\000\050\000\051}{subsection.11.7.3}% 234
\BOOKMARK [3][-]{subsubsection.11.7.3.4}{\376\377\0001\0001\000.\0007\000.\0003\000.\0004\000\040\000r\000e\000t\000r\000i\000e\000v\000e\000\137\000i\000n\000t\000\050\000\051}{subsection.11.7.3}% 235
\BOOKMARK [1][-]{section.11.8}{\376\377\0001\0001\000.\0008\000\040\000U\000l\000t\000r\000a\000C\000o\000l\000d\000:\000:\000B\000o\000g\000o\000l\000y\000u\000b\000o\000v\000S\000o\000l\000v\000e\000r\000s\000:\000:\000T\000r\000a\000p\000p\000e\000d\000B\000o\000g\000o\000l\000y\000u\000b\000o\000v\000S\000o\000l\000v\000e\000r\000\040\000C\000l\000a\000s\000s\000\040\000R\000e\000f\000e\000r\000e\000n\000c\000e}{chapter.11}% 236
\BOOKMARK [2][-]{subsection.11.8.1}{\376\377\0001\0001\000.\0008\000.\0001\000\040\000D\000e\000t\000a\000i\000l\000e\000d\000\040\000D\000e\000s\000c\000r\000i\000p\000t\000i\000o\000n}{section.11.8}% 237
\BOOKMARK [2][-]{subsection.11.8.2}{\376\377\0001\0001\000.\0008\000.\0002\000\040\000C\000o\000n\000s\000t\000r\000u\000c\000t\000o\000r\000\040\000\046\000\040\000D\000e\000s\000t\000r\000u\000c\000t\000o\000r\000\040\000D\000o\000c\000u\000m\000e\000n\000t\000a\000t\000i\000o\000n}{section.11.8}% 238
\BOOKMARK [3][-]{subsubsection.11.8.2.1}{\376\377\0001\0001\000.\0008\000.\0002\000.\0001\000\040\000T\000r\000a\000p\000p\000e\000d\000B\000o\000g\000o\000l\000y\000u\000b\000o\000v\000S\000o\000l\000v\000e\000r\000\050\000\051\000\040\000[\0001\000/\0006\000]}{subsection.11.8.2}% 239
\BOOKMARK [3][-]{subsubsection.11.8.2.2}{\376\377\0001\0001\000.\0008\000.\0002\000.\0002\000\040\000T\000r\000a\000p\000p\000e\000d\000B\000o\000g\000o\000l\000y\000u\000b\000o\000v\000S\000o\000l\000v\000e\000r\000\050\000\051\000\040\000[\0002\000/\0006\000]}{subsection.11.8.2}% 240
\BOOKMARK [3][-]{subsubsection.11.8.2.3}{\376\377\0001\0001\000.\0008\000.\0002\000.\0003\000\040\000T\000r\000a\000p\000p\000e\000d\000B\000o\000g\000o\000l\000y\000u\000b\000o\000v\000S\000o\000l\000v\000e\000r\000\050\000\051\000\040\000[\0003\000/\0006\000]}{subsection.11.8.2}% 241
\BOOKMARK [3][-]{subsubsection.11.8.2.4}{\376\377\0001\0001\000.\0008\000.\0002\000.\0004\000\040\000T\000r\000a\000p\000p\000e\000d\000B\000o\000g\000o\000l\000y\000u\000b\000o\000v\000S\000o\000l\000v\000e\000r\000\050\000\051\000\040\000[\0004\000/\0006\000]}{subsection.11.8.2}% 242
\BOOKMARK [3][-]{subsubsection.11.8.2.5}{\376\377\0001\0001\000.\0008\000.\0002\000.\0005\000\040\000T\000r\000a\000p\000p\000e\000d\000B\000o\000g\000o\000l\000y\000u\000b\000o\000v\000S\000o\000l\000v\000e\000r\000\050\000\051\000\040\000[\0005\000/\0006\000]}{subsection.11.8.2}% 243
\BOOKMARK [3][-]{subsubsection.11.8.2.6}{\376\377\0001\0001\000.\0008\000.\0002\000.\0006\000\040\000T\000r\000a\000p\000p\000e\000d\000B\000o\000g\000o\000l\000y\000u\000b\000o\000v\000S\000o\000l\000v\000e\000r\000\050\000\051\000\040\000[\0006\000/\0006\000]}{subsection.11.8.2}% 244
\BOOKMARK [3][-]{subsubsection.11.8.2.7}{\376\377\0001\0001\000.\0008\000.\0002\000.\0007\000\040\000\040\000T\000r\000a\000p\000p\000e\000d\000B\000o\000g\000o\000l\000y\000u\000b\000o\000v\000S\000o\000l\000v\000e\000r\000\050\000\051}{subsection.11.8.2}% 245
\BOOKMARK [2][-]{subsection.11.8.3}{\376\377\0001\0001\000.\0008\000.\0003\000\040\000M\000e\000m\000b\000e\000r\000\040\000F\000u\000n\000c\000t\000i\000o\000n\000\040\000D\000o\000c\000u\000m\000e\000n\000t\000a\000t\000i\000o\000n}{section.11.8}% 246
\BOOKMARK [3][-]{subsubsection.11.8.3.1}{\376\377\0001\0001\000.\0008\000.\0003\000.\0001\000\040\000r\000u\000n\000\050\000\051}{subsection.11.8.3}% 247
\BOOKMARK [2][-]{subsection.11.8.4}{\376\377\0001\0001\000.\0008\000.\0004\000\040\000M\000e\000m\000b\000e\000r\000\040\000D\000a\000t\000a\000\040\000D\000o\000c\000u\000m\000e\000n\000t\000a\000t\000i\000o\000n}{section.11.8}% 248
\BOOKMARK [3][-]{subsubsection.11.8.4.1}{\376\377\0001\0001\000.\0008\000.\0004\000.\0001\000\040\000c\000h\000e\000m\000i\000c\000a\000l\000\137\000p\000o\000t\000e\000n\000t\000i\000a\000l}{subsection.11.8.4}% 249
\BOOKMARK [3][-]{subsubsection.11.8.4.2}{\376\377\0001\0001\000.\0008\000.\0004\000.\0002\000\040\000d\000v}{subsection.11.8.4}% 250
\BOOKMARK [3][-]{subsubsection.11.8.4.3}{\376\377\0001\0001\000.\0008\000.\0004\000.\0003\000\040\000d\000x}{subsection.11.8.4}% 251
\BOOKMARK [3][-]{subsubsection.11.8.4.4}{\376\377\0001\0001\000.\0008\000.\0004\000.\0004\000\040\000d\000y}{subsection.11.8.4}% 252
\BOOKMARK [3][-]{subsubsection.11.8.4.5}{\376\377\0001\0001\000.\0008\000.\0004\000.\0005\000\040\000d\000z}{subsection.11.8.4}% 253
\BOOKMARK [3][-]{subsubsection.11.8.4.6}{\376\377\0001\0001\000.\0008\000.\0004\000.\0006\000\040\000e\000i\000g\000e\000n\000v\000e\000c\000t\000o\000r\000s\000\137\000r\000e\000q\000u\000i\000r\000e\000d}{subsection.11.8.4}% 254
\BOOKMARK [3][-]{subsubsection.11.8.4.7}{\376\377\0001\0001\000.\0008\000.\0004\000.\0007\000\040\000k\000m\000o\000d\0002}{subsection.11.8.4}% 255
\BOOKMARK [3][-]{subsubsection.11.8.4.8}{\376\377\0001\0001\000.\0008\000.\0004\000.\0008\000\040\000k\000x}{subsection.11.8.4}% 256
\BOOKMARK [3][-]{subsubsection.11.8.4.9}{\376\377\0001\0001\000.\0008\000.\0004\000.\0009\000\040\000k\000y}{subsection.11.8.4}% 257
\BOOKMARK [3][-]{subsubsection.11.8.4.10}{\376\377\0001\0001\000.\0008\000.\0004\000.\0001\0000\000\040\000k\000z}{subsection.11.8.4}% 258
\BOOKMARK [3][-]{subsubsection.11.8.4.11}{\376\377\0001\0001\000.\0008\000.\0004\000.\0001\0001\000\040\000m\000a\000x\000i\000m\000u\000m\000\137\000n\000u\000m\000b\000e\000r\000\137\000o\000f\000\137\000a\000r\000n\000o\000l\000d\000i\000\137\000i\000t\000e\000r\000a\000t\000i\000o\000n\000s}{subsection.11.8.4}% 259
\BOOKMARK [3][-]{subsubsection.11.8.4.12}{\376\377\0001\0001\000.\0008\000.\0004\000.\0001\0002\000\040\000n\000u\000m\000b\000e\000r\000\137\000o\000f\000\137\000m\000o\000d\000e\000s}{subsection.11.8.4}% 260
\BOOKMARK [3][-]{subsubsection.11.8.4.13}{\376\377\0001\0001\000.\0008\000.\0004\000.\0001\0003\000\040\000n\000x}{subsection.11.8.4}% 261
\BOOKMARK [3][-]{subsubsection.11.8.4.14}{\376\377\0001\0001\000.\0008\000.\0004\000.\0001\0004\000\040\000n\000y}{subsection.11.8.4}% 262
\BOOKMARK [3][-]{subsubsection.11.8.4.15}{\376\377\0001\0001\000.\0008\000.\0004\000.\0001\0005\000\040\000n\000z}{subsection.11.8.4}% 263
\BOOKMARK [3][-]{subsubsection.11.8.4.16}{\376\377\0001\0001\000.\0008\000.\0004\000.\0001\0006\000\040\000p\000r\000o\000b\000l\000e\000m\000\137\000i\000s\000\137\0001\000d}{subsection.11.8.4}% 264
\BOOKMARK [3][-]{subsubsection.11.8.4.17}{\376\377\0001\0001\000.\0008\000.\0004\000.\0001\0007\000\040\000p\000r\000o\000b\000l\000e\000m\000\137\000i\000s\000\137\0002\000d}{subsection.11.8.4}% 265
\BOOKMARK [3][-]{subsubsection.11.8.4.18}{\376\377\0001\0001\000.\0008\000.\0004\000.\0001\0008\000\040\000p\000r\000o\000b\000l\000e\000m\000\137\000i\000s\000\137\0003\000d}{subsection.11.8.4}% 266
\BOOKMARK [3][-]{subsubsection.11.8.4.19}{\376\377\0001\0001\000.\0008\000.\0004\000.\0001\0009\000\040\000p\000r\000o\000b\000l\000e\000m\000\137\000i\000s\000\137\000c\000o\000m\000p\000l\000e\000x}{subsection.11.8.4}% 267
\BOOKMARK [3][-]{subsubsection.11.8.4.20}{\376\377\0001\0001\000.\0008\000.\0004\000.\0002\0000\000\040\000p\000r\000o\000b\000l\000e\000m\000\137\000i\000s\000\137\000r\000e\000a\000l}{subsection.11.8.4}% 268
\BOOKMARK [3][-]{subsubsection.11.8.4.21}{\376\377\0001\0001\000.\0008\000.\0004\000.\0002\0001\000\040\000p\000s\000i\0000}{subsection.11.8.4}% 269
\BOOKMARK [3][-]{subsubsection.11.8.4.22}{\376\377\0001\0001\000.\0008\000.\0004\000.\0002\0002\000\040\000s\000c\000a\000t\000t\000e\000r\000i\000n\000g\000\137\000l\000e\000n\000g\000t\000h}{subsection.11.8.4}% 270
\BOOKMARK [3][-]{subsubsection.11.8.4.23}{\376\377\0001\0001\000.\0008\000.\0004\000.\0002\0003\000\040\000t\000e\000m\000p}{subsection.11.8.4}% 271
\BOOKMARK [3][-]{subsubsection.11.8.4.24}{\376\377\0001\0001\000.\0008\000.\0004\000.\0002\0004\000\040\000t\000e\000m\000p\0002}{subsection.11.8.4}% 272
\BOOKMARK [3][-]{subsubsection.11.8.4.25}{\376\377\0001\0001\000.\0008\000.\0004\000.\0002\0005\000\040\000t\000e\000m\000p\0002\000\137\000t\000i\000l\000d\000e}{subsection.11.8.4}% 273
\BOOKMARK [3][-]{subsubsection.11.8.4.26}{\376\377\0001\0001\000.\0008\000.\0004\000.\0002\0006\000\040\000t\000e\000m\000p\000\137\000t\000i\000l\000d\000e}{subsection.11.8.4}% 274
\BOOKMARK [3][-]{subsubsection.11.8.4.27}{\376\377\0001\0001\000.\0008\000.\0004\000.\0002\0007\000\040\000t\000o\000l\000e\000r\000a\000n\000c\000e}{subsection.11.8.4}% 275
\BOOKMARK [3][-]{subsubsection.11.8.4.28}{\376\377\0001\0001\000.\0008\000.\0004\000.\0002\0008\000\040\000u}{subsection.11.8.4}% 276
\BOOKMARK [3][-]{subsubsection.11.8.4.29}{\376\377\0001\0001\000.\0008\000.\0004\000.\0002\0009\000\040\000v}{subsection.11.8.4}% 277
\BOOKMARK [3][-]{subsubsection.11.8.4.30}{\376\377\0001\0001\000.\0008\000.\0004\000.\0003\0000\000\040\000V\000e\000x\000t}{subsection.11.8.4}% 278
\BOOKMARK [3][-]{subsubsection.11.8.4.31}{\376\377\0001\0001\000.\0008\000.\0004\000.\0003\0001\000\040\000x}{subsection.11.8.4}% 279
\BOOKMARK [3][-]{subsubsection.11.8.4.32}{\376\377\0001\0001\000.\0008\000.\0004\000.\0003\0002\000\040\000y}{subsection.11.8.4}% 280
\BOOKMARK [3][-]{subsubsection.11.8.4.33}{\376\377\0001\0001\000.\0008\000.\0004\000.\0003\0003\000\040\000z}{subsection.11.8.4}% 281
\BOOKMARK [1][-]{section.11.9}{\376\377\0001\0001\000.\0009\000\040\000U\000l\000t\000r\000a\000C\000o\000l\000d\000:\000:\000B\000o\000g\000o\000l\000y\000u\000b\000o\000v\000S\000o\000l\000v\000e\000r\000s\000:\000:\000T\000r\000a\000p\000p\000e\000d\000D\000i\000p\000o\000l\000a\000r\000B\000o\000g\000o\000l\000y\000u\000b\000o\000v\000S\000o\000l\000v\000e\000r\000\040\000C\000l\000a\000s\000s\000\040\000R\000e\000f\000e\000r\000e\000n\000c\000e}{chapter.11}% 282
\BOOKMARK [2][-]{subsection.11.9.1}{\376\377\0001\0001\000.\0009\000.\0001\000\040\000D\000e\000t\000a\000i\000l\000e\000d\000\040\000D\000e\000s\000c\000r\000i\000p\000t\000i\000o\000n}{section.11.9}% 283
\BOOKMARK [2][-]{subsection.11.9.2}{\376\377\0001\0001\000.\0009\000.\0002\000\040\000C\000o\000n\000s\000t\000r\000u\000c\000t\000o\000r\000\040\000\046\000\040\000D\000e\000s\000t\000r\000u\000c\000t\000o\000r\000\040\000D\000o\000c\000u\000m\000e\000n\000t\000a\000t\000i\000o\000n}{section.11.9}% 284
\BOOKMARK [3][-]{subsubsection.11.9.2.1}{\376\377\0001\0001\000.\0009\000.\0002\000.\0001\000\040\000T\000r\000a\000p\000p\000e\000d\000D\000i\000p\000o\000l\000a\000r\000B\000o\000g\000o\000l\000y\000u\000b\000o\000v\000S\000o\000l\000v\000e\000r\000\050\000\051\000\040\000[\0001\000/\0002\000]}{subsection.11.9.2}% 285
\BOOKMARK [3][-]{subsubsection.11.9.2.2}{\376\377\0001\0001\000.\0009\000.\0002\000.\0002\000\040\000T\000r\000a\000p\000p\000e\000d\000D\000i\000p\000o\000l\000a\000r\000B\000o\000g\000o\000l\000y\000u\000b\000o\000v\000S\000o\000l\000v\000e\000r\000\050\000\051\000\040\000[\0002\000/\0002\000]}{subsection.11.9.2}% 286
\BOOKMARK [3][-]{subsubsection.11.9.2.3}{\376\377\0001\0001\000.\0009\000.\0002\000.\0003\000\040\000\040\000T\000r\000a\000p\000p\000e\000d\000D\000i\000p\000o\000l\000a\000r\000B\000o\000g\000o\000l\000y\000u\000b\000o\000v\000S\000o\000l\000v\000e\000r\000\050\000\051}{subsection.11.9.2}% 287
\BOOKMARK [2][-]{subsection.11.9.3}{\376\377\0001\0001\000.\0009\000.\0003\000\040\000M\000e\000m\000b\000e\000r\000\040\000F\000u\000n\000c\000t\000i\000o\000n\000\040\000D\000o\000c\000u\000m\000e\000n\000t\000a\000t\000i\000o\000n}{section.11.9}% 288
\BOOKMARK [3][-]{subsubsection.11.9.3.1}{\376\377\0001\0001\000.\0009\000.\0003\000.\0001\000\040\000r\000u\000n\000\050\000\051}{subsection.11.9.3}% 289
\BOOKMARK [2][-]{subsection.11.9.4}{\376\377\0001\0001\000.\0009\000.\0004\000\040\000M\000e\000m\000b\000e\000r\000\040\000D\000a\000t\000a\000\040\000D\000o\000c\000u\000m\000e\000n\000t\000a\000t\000i\000o\000n}{section.11.9}% 290
\BOOKMARK [3][-]{subsubsection.11.9.4.1}{\376\377\0001\0001\000.\0009\000.\0004\000.\0001\000\040\000c\000h\000e\000m\000i\000c\000a\000l\000\137\000p\000o\000t\000e\000n\000t\000i\000a\000l}{subsection.11.9.4}% 291
\BOOKMARK [3][-]{subsubsection.11.9.4.2}{\376\377\0001\0001\000.\0009\000.\0004\000.\0002\000\040\000d\000v}{subsection.11.9.4}% 292
\BOOKMARK [3][-]{subsubsection.11.9.4.3}{\376\377\0001\0001\000.\0009\000.\0004\000.\0003\000\040\000d\000x}{subsection.11.9.4}% 293
\BOOKMARK [3][-]{subsubsection.11.9.4.4}{\376\377\0001\0001\000.\0009\000.\0004\000.\0004\000\040\000d\000y}{subsection.11.9.4}% 294
\BOOKMARK [3][-]{subsubsection.11.9.4.5}{\376\377\0001\0001\000.\0009\000.\0004\000.\0005\000\040\000d\000z}{subsection.11.9.4}% 295
\BOOKMARK [3][-]{subsubsection.11.9.4.6}{\376\377\0001\0001\000.\0009\000.\0004\000.\0006\000\040\000e\000i\000g\000e\000n\000v\000e\000c\000t\000o\000r\000s\000\137\000r\000e\000q\000u\000i\000r\000e\000d}{subsection.11.9.4}% 296
\BOOKMARK [3][-]{subsubsection.11.9.4.7}{\376\377\0001\0001\000.\0009\000.\0004\000.\0007\000\040\000e\000p\000s\000i\000l\000o\000n\000\137\000d\000d}{subsection.11.9.4}% 297
\BOOKMARK [3][-]{subsubsection.11.9.4.8}{\376\377\0001\0001\000.\0009\000.\0004\000.\0008\000\040\000g\000a\000m\000m\000a\000\137\000e\000p\000s\000i\000l\000o\000n\000\137\000d\000d}{subsection.11.9.4}% 298
\BOOKMARK [3][-]{subsubsection.11.9.4.9}{\376\377\0001\0001\000.\0009\000.\0004\000.\0009\000\040\000k\000m\000o\000d\0002}{subsection.11.9.4}% 299
\BOOKMARK [3][-]{subsubsection.11.9.4.10}{\376\377\0001\0001\000.\0009\000.\0004\000.\0001\0000\000\040\000k\000x}{subsection.11.9.4}% 300
\BOOKMARK [3][-]{subsubsection.11.9.4.11}{\376\377\0001\0001\000.\0009\000.\0004\000.\0001\0001\000\040\000k\000y}{subsection.11.9.4}% 301
\BOOKMARK [3][-]{subsubsection.11.9.4.12}{\376\377\0001\0001\000.\0009\000.\0004\000.\0001\0002\000\040\000k\000z}{subsection.11.9.4}% 302
\BOOKMARK [3][-]{subsubsection.11.9.4.13}{\376\377\0001\0001\000.\0009\000.\0004\000.\0001\0003\000\040\000m\000a\000x\000i\000m\000u\000m\000\137\000n\000u\000m\000b\000e\000r\000\137\000o\000f\000\137\000a\000r\000n\000o\000l\000d\000i\000\137\000i\000t\000e\000r\000a\000t\000i\000o\000n\000s}{subsection.11.9.4}% 303
\BOOKMARK [3][-]{subsubsection.11.9.4.14}{\376\377\0001\0001\000.\0009\000.\0004\000.\0001\0004\000\040\000n\000u\000m\000b\000e\000r\000\137\000o\000f\000\137\000m\000o\000d\000e\000s}{subsection.11.9.4}% 304
\BOOKMARK [3][-]{subsubsection.11.9.4.15}{\376\377\0001\0001\000.\0009\000.\0004\000.\0001\0005\000\040\000n\000x}{subsection.11.9.4}% 305
\BOOKMARK [3][-]{subsubsection.11.9.4.16}{\376\377\0001\0001\000.\0009\000.\0004\000.\0001\0006\000\040\000n\000y}{subsection.11.9.4}% 306
\BOOKMARK [3][-]{subsubsection.11.9.4.17}{\376\377\0001\0001\000.\0009\000.\0004\000.\0001\0007\000\040\000n\000z}{subsection.11.9.4}% 307
\BOOKMARK [3][-]{subsubsection.11.9.4.18}{\376\377\0001\0001\000.\0009\000.\0004\000.\0001\0008\000\040\000P\000h\000i\000\137\000d\000d}{subsection.11.9.4}% 308
\BOOKMARK [3][-]{subsubsection.11.9.4.19}{\376\377\0001\0001\000.\0009\000.\0004\000.\0001\0009\000\040\000p\000r\000o\000b\000l\000e\000m\000\137\000i\000s\000\137\000c\000o\000m\000p\000l\000e\000x}{subsection.11.9.4}% 309
\BOOKMARK [3][-]{subsubsection.11.9.4.20}{\376\377\0001\0001\000.\0009\000.\0004\000.\0002\0000\000\040\000p\000r\000o\000b\000l\000e\000m\000\137\000i\000s\000\137\000r\000e\000a\000l}{subsection.11.9.4}% 310
\BOOKMARK [3][-]{subsubsection.11.9.4.21}{\376\377\0001\0001\000.\0009\000.\0004\000.\0002\0001\000\040\000p\000s\000i\0000}{subsection.11.9.4}% 311
\BOOKMARK [3][-]{subsubsection.11.9.4.22}{\376\377\0001\0001\000.\0009\000.\0004\000.\0002\0002\000\040\000s\000c\000a\000t\000t\000e\000r\000i\000n\000g\000\137\000l\000e\000n\000g\000t\000h}{subsection.11.9.4}% 312
\BOOKMARK [3][-]{subsubsection.11.9.4.23}{\376\377\0001\0001\000.\0009\000.\0004\000.\0002\0003\000\040\000t\000e\000m\000p}{subsection.11.9.4}% 313
\BOOKMARK [3][-]{subsubsection.11.9.4.24}{\376\377\0001\0001\000.\0009\000.\0004\000.\0002\0004\000\040\000t\000e\000m\000p\0002}{subsection.11.9.4}% 314
\BOOKMARK [3][-]{subsubsection.11.9.4.25}{\376\377\0001\0001\000.\0009\000.\0004\000.\0002\0005\000\040\000t\000e\000m\000p\0002\000\137\000t\000i\000l\000d\000e}{subsection.11.9.4}% 315
\BOOKMARK [3][-]{subsubsection.11.9.4.26}{\376\377\0001\0001\000.\0009\000.\0004\000.\0002\0006\000\040\000t\000e\000m\000p\000\137\000t\000i\000l\000d\000e}{subsection.11.9.4}% 316
\BOOKMARK [3][-]{subsubsection.11.9.4.27}{\376\377\0001\0001\000.\0009\000.\0004\000.\0002\0007\000\040\000t\000o\000l\000e\000r\000a\000n\000c\000e}{subsection.11.9.4}% 317
\BOOKMARK [3][-]{subsubsection.11.9.4.28}{\376\377\0001\0001\000.\0009\000.\0004\000.\0002\0008\000\040\000u}{subsection.11.9.4}% 318
\BOOKMARK [3][-]{subsubsection.11.9.4.29}{\376\377\0001\0001\000.\0009\000.\0004\000.\0002\0009\000\040\000v}{subsection.11.9.4}% 319
\BOOKMARK [3][-]{subsubsection.11.9.4.30}{\376\377\0001\0001\000.\0009\000.\0004\000.\0003\0000\000\040\000V\000e\000x\000t}{subsection.11.9.4}% 320
\BOOKMARK [3][-]{subsubsection.11.9.4.31}{\376\377\0001\0001\000.\0009\000.\0004\000.\0003\0001\000\040\000V\000t\000i\000l\000d\000e}{subsection.11.9.4}% 321
\BOOKMARK [3][-]{subsubsection.11.9.4.32}{\376\377\0001\0001\000.\0009\000.\0004\000.\0003\0002\000\040\000x}{subsection.11.9.4}% 322
\BOOKMARK [3][-]{subsubsection.11.9.4.33}{\376\377\0001\0001\000.\0009\000.\0004\000.\0003\0003\000\040\000y}{subsection.11.9.4}% 323
\BOOKMARK [3][-]{subsubsection.11.9.4.34}{\376\377\0001\0001\000.\0009\000.\0004\000.\0003\0004\000\040\000z}{subsection.11.9.4}% 324
\BOOKMARK [1][-]{section.11.10}{\376\377\0001\0001\000.\0001\0000\000\040\000U\000l\000t\000r\000a\000C\000o\000l\000d\000:\000:\000V\000e\000c\000t\000o\000r\000<\000\040\000T\000\040\000>\000\040\000C\000l\000a\000s\000s\000\040\000T\000e\000m\000p\000l\000a\000t\000e\000\040\000R\000e\000f\000e\000r\000e\000n\000c\000e}{chapter.11}% 325
\BOOKMARK [2][-]{subsection.11.10.1}{\376\377\0001\0001\000.\0001\0000\000.\0001\000\040\000D\000e\000t\000a\000i\000l\000e\000d\000\040\000D\000e\000s\000c\000r\000i\000p\000t\000i\000o\000n}{section.11.10}% 326
\BOOKMARK [2][-]{subsection.11.10.2}{\376\377\0001\0001\000.\0001\0000\000.\0002\000\040\000C\000o\000n\000s\000t\000r\000u\000c\000t\000o\000r\000\040\000\046\000\040\000D\000e\000s\000t\000r\000u\000c\000t\000o\000r\000\040\000D\000o\000c\000u\000m\000e\000n\000t\000a\000t\000i\000o\000n}{section.11.10}% 327
\BOOKMARK [3][-]{subsubsection.11.10.2.1}{\376\377\0001\0001\000.\0001\0000\000.\0002\000.\0001\000\040\000V\000e\000c\000t\000o\000r\000\050\000\051\000\040\000[\0001\000/\0006\000]}{subsection.11.10.2}% 328
\BOOKMARK [3][-]{subsubsection.11.10.2.2}{\376\377\0001\0001\000.\0001\0000\000.\0002\000.\0002\000\040\000V\000e\000c\000t\000o\000r\000\050\000\051\000\040\000[\0002\000/\0006\000]}{subsection.11.10.2}% 329
\BOOKMARK [3][-]{subsubsection.11.10.2.3}{\376\377\0001\0001\000.\0001\0000\000.\0002\000.\0003\000\040\000V\000e\000c\000t\000o\000r\000\050\000\051\000\040\000[\0003\000/\0006\000]}{subsection.11.10.2}% 330
\BOOKMARK [3][-]{subsubsection.11.10.2.4}{\376\377\0001\0001\000.\0001\0000\000.\0002\000.\0004\000\040\000V\000e\000c\000t\000o\000r\000\050\000\051\000\040\000[\0004\000/\0006\000]}{subsection.11.10.2}% 331
\BOOKMARK [3][-]{subsubsection.11.10.2.5}{\376\377\0001\0001\000.\0001\0000\000.\0002\000.\0005\000\040\000V\000e\000c\000t\000o\000r\000\050\000\051\000\040\000[\0005\000/\0006\000]}{subsection.11.10.2}% 332
\BOOKMARK [3][-]{subsubsection.11.10.2.6}{\376\377\0001\0001\000.\0001\0000\000.\0002\000.\0006\000\040\000V\000e\000c\000t\000o\000r\000\050\000\051\000\040\000[\0006\000/\0006\000]}{subsection.11.10.2}% 333
\BOOKMARK [3][-]{subsubsection.11.10.2.7}{\376\377\0001\0001\000.\0001\0000\000.\0002\000.\0007\000\040\000\040\000V\000e\000c\000t\000o\000r\000\050\000\051}{subsection.11.10.2}% 334
\BOOKMARK [2][-]{subsection.11.10.3}{\376\377\0001\0001\000.\0001\0000\000.\0003\000\040\000M\000e\000m\000b\000e\000r\000\040\000F\000u\000n\000c\000t\000i\000o\000n\000\040\000D\000o\000c\000u\000m\000e\000n\000t\000a\000t\000i\000o\000n}{section.11.10}% 335
\BOOKMARK [3][-]{subsubsection.11.10.3.1}{\376\377\0001\0001\000.\0001\0000\000.\0003\000.\0001\000\040\000d\000a\000t\000a\000\050\000\051}{subsection.11.10.3}% 336
\BOOKMARK [3][-]{subsubsection.11.10.3.2}{\376\377\0001\0001\000.\0001\0000\000.\0003\000.\0002\000\040\000e\000x\000t\000e\000n\000t\000\050\000\051}{subsection.11.10.3}% 337
\BOOKMARK [3][-]{subsubsection.11.10.3.3}{\376\377\0001\0001\000.\0001\0000\000.\0003\000.\0003\000\040\000o\000p\000e\000r\000a\000t\000o\000r\000\050\000\051\000\050\000\051\000\040\000[\0001\000/\0003\000]}{subsection.11.10.3}% 338
\BOOKMARK [3][-]{subsubsection.11.10.3.4}{\376\377\0001\0001\000.\0001\0000\000.\0003\000.\0004\000\040\000o\000p\000e\000r\000a\000t\000o\000r\000\050\000\051\000\050\000\051\000\040\000[\0002\000/\0003\000]}{subsection.11.10.3}% 339
\BOOKMARK [3][-]{subsubsection.11.10.3.5}{\376\377\0001\0001\000.\0001\0000\000.\0003\000.\0005\000\040\000o\000p\000e\000r\000a\000t\000o\000r\000\050\000\051\000\050\000\051\000\040\000[\0003\000/\0003\000]}{subsection.11.10.3}% 340
\BOOKMARK [3][-]{subsubsection.11.10.3.6}{\376\377\0001\0001\000.\0001\0000\000.\0003\000.\0006\000\040\000o\000p\000e\000r\000a\000t\000o\000r\000=\000\050\000\051\000\040\000[\0001\000/\0002\000]}{subsection.11.10.3}% 341
\BOOKMARK [3][-]{subsubsection.11.10.3.7}{\376\377\0001\0001\000.\0001\0000\000.\0003\000.\0007\000\040\000o\000p\000e\000r\000a\000t\000o\000r\000=\000\050\000\051\000\040\000[\0002\000/\0002\000]}{subsection.11.10.3}% 342
\BOOKMARK [3][-]{subsubsection.11.10.3.8}{\376\377\0001\0001\000.\0001\0000\000.\0003\000.\0008\000\040\000o\000p\000e\000r\000a\000t\000o\000r\000[\000]\000\050\000\051}{subsection.11.10.3}% 343
\BOOKMARK [3][-]{subsubsection.11.10.3.9}{\376\377\0001\0001\000.\0001\0000\000.\0003\000.\0009\000\040\000o\000r\000d\000e\000r\000\050\000\051}{subsection.11.10.3}% 344
\BOOKMARK [3][-]{subsubsection.11.10.3.10}{\376\377\0001\0001\000.\0001\0000\000.\0003\000.\0001\0000\000\040\000r\000e\000i\000n\000i\000t\000\050\000\051\000\040\000[\0001\000/\0003\000]}{subsection.11.10.3}% 345
\BOOKMARK [3][-]{subsubsection.11.10.3.11}{\376\377\0001\0001\000.\0001\0000\000.\0003\000.\0001\0001\000\040\000r\000e\000i\000n\000i\000t\000\050\000\051\000\040\000[\0002\000/\0003\000]}{subsection.11.10.3}% 346
\BOOKMARK [3][-]{subsubsection.11.10.3.12}{\376\377\0001\0001\000.\0001\0000\000.\0003\000.\0001\0002\000\040\000r\000e\000i\000n\000i\000t\000\050\000\051\000\040\000[\0003\000/\0003\000]}{subsection.11.10.3}% 347
\BOOKMARK [3][-]{subsubsection.11.10.3.13}{\376\377\0001\0001\000.\0001\0000\000.\0003\000.\0001\0003\000\040\000s\000i\000z\000e\000\050\000\051}{subsection.11.10.3}% 348
\BOOKMARK [0][-]{chapter.12}{\376\377\0001\0002\000\040\000F\000i\000l\000e\000\040\000D\000o\000c\000u\000m\000e\000n\000t\000a\000t\000i\000o\000n}{}% 349
\BOOKMARK [1][-]{section.12.1}{\376\377\0001\0002\000.\0001\000\040\000b\000o\000g\000o\000l\000y\000u\000b\000o\000v\000\137\000s\000o\000l\000v\000e\000r\000.\000c\000p\000p\000\040\000F\000i\000l\000e\000\040\000R\000e\000f\000e\000r\000e\000n\000c\000e}{chapter.12}% 350
\BOOKMARK [2][-]{subsection.12.1.1}{\376\377\0001\0002\000.\0001\000.\0001\000\040\000M\000a\000c\000r\000o\000\040\000D\000e\000f\000i\000n\000i\000t\000i\000o\000n\000\040\000D\000o\000c\000u\000m\000e\000n\000t\000a\000t\000i\000o\000n}{section.12.1}% 351
\BOOKMARK [3][-]{subsubsection.12.1.1.1}{\376\377\0001\0002\000.\0001\000.\0001\000.\0001\000\040\000P\000I}{subsection.12.1.1}% 352
\BOOKMARK [3][-]{subsubsection.12.1.1.2}{\376\377\0001\0002\000.\0001\000.\0001\000.\0002\000\040\000T\000W\000O\000P\000I}{subsection.12.1.1}% 353
\BOOKMARK [1][-]{section.12.2}{\376\377\0001\0002\000.\0002\000\040\000b\000o\000g\000o\000l\000y\000u\000b\000o\000v\000\137\000s\000o\000l\000v\000e\000r\000s\000.\000h\000p\000p\000\040\000F\000i\000l\000e\000\040\000R\000e\000f\000e\000r\000e\000n\000c\000e}{chapter.12}% 354
\BOOKMARK [1][-]{section.12.3}{\376\377\0001\0002\000.\0003\000\040\000d\000a\000t\000a\000\137\000o\000u\000t\000.\000c\000p\000p\000\040\000F\000i\000l\000e\000\040\000R\000e\000f\000e\000r\000e\000n\000c\000e}{chapter.12}% 355
\BOOKMARK [1][-]{section.12.4}{\376\377\0001\0002\000.\0004\000\040\000d\000a\000t\000a\000\137\000o\000u\000t\000.\000h\000p\000p\000\040\000F\000i\000l\000e\000\040\000R\000e\000f\000e\000r\000e\000n\000c\000e}{chapter.12}% 356
\BOOKMARK [1][-]{section.12.5}{\376\377\0001\0002\000.\0005\000\040\000d\000f\000t\000.\000c\000p\000p\000\040\000F\000i\000l\000e\000\040\000R\000e\000f\000e\000r\000e\000n\000c\000e}{chapter.12}% 357
\BOOKMARK [1][-]{section.12.6}{\376\377\0001\0002\000.\0006\000\040\000d\000f\000t\000.\000h\000p\000p\000\040\000F\000i\000l\000e\000\040\000R\000e\000f\000e\000r\000e\000n\000c\000e}{chapter.12}% 358
\BOOKMARK [1][-]{section.12.7}{\376\377\0001\0002\000.\0007\000\040\000d\000i\000p\000o\000l\000a\000r\000\137\000b\000o\000g\000o\000l\000y\000u\000b\000o\000v\000\137\000s\000o\000l\000v\000e\000r\000.\000c\000p\000p\000\040\000F\000i\000l\000e\000\040\000R\000e\000f\000e\000r\000e\000n\000c\000e}{chapter.12}% 359
\BOOKMARK [2][-]{subsection.12.7.1}{\376\377\0001\0002\000.\0007\000.\0001\000\040\000M\000a\000c\000r\000o\000\040\000D\000e\000f\000i\000n\000i\000t\000i\000o\000n\000\040\000D\000o\000c\000u\000m\000e\000n\000t\000a\000t\000i\000o\000n}{section.12.7}% 360
\BOOKMARK [3][-]{subsubsection.12.7.1.1}{\376\377\0001\0002\000.\0007\000.\0001\000.\0001\000\040\000P\000I}{subsection.12.7.1}% 361
\BOOKMARK [3][-]{subsubsection.12.7.1.2}{\376\377\0001\0002\000.\0007\000.\0001\000.\0002\000\040\000T\000W\000O\000P\000I}{subsection.12.7.1}% 362
\BOOKMARK [1][-]{section.12.8}{\376\377\0001\0002\000.\0008\000\040\000d\000i\000p\000o\000l\000a\000r\000\137\000g\000p\000\137\000s\000o\000l\000v\000e\000r\000.\000c\000p\000p\000\040\000F\000i\000l\000e\000\040\000R\000e\000f\000e\000r\000e\000n\000c\000e}{chapter.12}% 363
\BOOKMARK [2][-]{subsection.12.8.1}{\376\377\0001\0002\000.\0008\000.\0001\000\040\000M\000a\000c\000r\000o\000\040\000D\000e\000f\000i\000n\000i\000t\000i\000o\000n\000\040\000D\000o\000c\000u\000m\000e\000n\000t\000a\000t\000i\000o\000n}{section.12.8}% 364
\BOOKMARK [3][-]{subsubsection.12.8.1.1}{\376\377\0001\0002\000.\0008\000.\0001\000.\0001\000\040\000P\000I}{subsection.12.8.1}% 365
\BOOKMARK [3][-]{subsubsection.12.8.1.2}{\376\377\0001\0002\000.\0008\000.\0001\000.\0002\000\040\000T\000W\000O\000P\000I}{subsection.12.8.1}% 366
\BOOKMARK [1][-]{section.12.9}{\376\377\0001\0002\000.\0009\000\040\000e\000x\000a\000m\000p\000l\000e\000-\0001\000.\000d\000o\000x\000\040\000F\000i\000l\000e\000\040\000R\000e\000f\000e\000r\000e\000n\000c\000e}{chapter.12}% 367
\BOOKMARK [1][-]{section.12.10}{\376\377\0001\0002\000.\0001\0000\000\040\000e\000x\000a\000m\000p\000l\000e\000-\0002\000.\000d\000o\000x\000\040\000F\000i\000l\000e\000\040\000R\000e\000f\000e\000r\000e\000n\000c\000e}{chapter.12}% 368
\BOOKMARK [1][-]{section.12.11}{\376\377\0001\0002\000.\0001\0001\000\040\000e\000x\000a\000m\000p\000l\000e\000-\0003\000.\000d\000o\000x\000\040\000F\000i\000l\000e\000\040\000R\000e\000f\000e\000r\000e\000n\000c\000e}{chapter.12}% 369
\BOOKMARK [1][-]{section.12.12}{\376\377\0001\0002\000.\0001\0002\000\040\000e\000x\000a\000m\000p\000l\000e\000-\0003\000.\000d\000o\000x\000\040\000F\000i\000l\000e\000\040\000R\000e\000f\000e\000r\000e\000n\000c\000e}{chapter.12}% 370
\BOOKMARK [1][-]{section.12.13}{\376\377\0001\0002\000.\0001\0003\000\040\000e\000x\000a\000m\000p\000l\000e\000-\0004\000.\000d\000o\000x\000\040\000F\000i\000l\000e\000\040\000R\000e\000f\000e\000r\000e\000n\000c\000e}{chapter.12}% 371
\BOOKMARK [1][-]{section.12.14}{\376\377\0001\0002\000.\0001\0004\000\040\000g\000p\000\137\000s\000o\000l\000v\000e\000r\000.\000c\000p\000p\000\040\000F\000i\000l\000e\000\040\000R\000e\000f\000e\000r\000e\000n\000c\000e}{chapter.12}% 372
\BOOKMARK [2][-]{subsection.12.14.1}{\376\377\0001\0002\000.\0001\0004\000.\0001\000\040\000M\000a\000c\000r\000o\000\040\000D\000e\000f\000i\000n\000i\000t\000i\000o\000n\000\040\000D\000o\000c\000u\000m\000e\000n\000t\000a\000t\000i\000o\000n}{section.12.14}% 373
\BOOKMARK [3][-]{subsubsection.12.14.1.1}{\376\377\0001\0002\000.\0001\0004\000.\0001\000.\0001\000\040\000P\000I}{subsection.12.14.1}% 374
\BOOKMARK [3][-]{subsubsection.12.14.1.2}{\376\377\0001\0002\000.\0001\0004\000.\0001\000.\0002\000\040\000T\000W\000O\000P\000I}{subsection.12.14.1}% 375
\BOOKMARK [1][-]{section.12.15}{\376\377\0001\0002\000.\0001\0005\000\040\000g\000p\000\137\000s\000o\000l\000v\000e\000r\000s\000.\000h\000p\000p\000\040\000F\000i\000l\000e\000\040\000R\000e\000f\000e\000r\000e\000n\000c\000e}{chapter.12}% 376
\BOOKMARK [1][-]{section.12.16}{\376\377\0001\0002\000.\0001\0006\000\040\000h\000a\000r\000d\000w\000a\000r\000e\000\137\000i\000n\000s\000p\000e\000c\000t\000o\000r\000.\000c\000p\000p\000\040\000F\000i\000l\000e\000\040\000R\000e\000f\000e\000r\000e\000n\000c\000e}{chapter.12}% 377
\BOOKMARK [1][-]{section.12.17}{\376\377\0001\0002\000.\0001\0007\000\040\000h\000a\000r\000d\000w\000a\000r\000e\000\137\000i\000n\000s\000p\000e\000c\000t\000o\000r\000.\000h\000p\000p\000\040\000F\000i\000l\000e\000\040\000R\000e\000f\000e\000r\000e\000n\000c\000e}{chapter.12}% 378
\BOOKMARK [1][-]{section.12.18}{\376\377\0001\0002\000.\0001\0008\000\040\000i\000n\000p\000u\000t\000\137\000p\000a\000r\000s\000e\000r\000.\000c\000p\000p\000\040\000F\000i\000l\000e\000\040\000R\000e\000f\000e\000r\000e\000n\000c\000e}{chapter.12}% 379
\BOOKMARK [1][-]{section.12.19}{\376\377\0001\0002\000.\0001\0009\000\040\000i\000n\000p\000u\000t\000\137\000p\000a\000r\000s\000e\000r\000.\000h\000p\000p\000\040\000F\000i\000l\000e\000\040\000R\000e\000f\000e\000r\000e\000n\000c\000e}{chapter.12}% 380
\BOOKMARK [1][-]{section.12.20}{\376\377\0001\0002\000.\0002\0000\000\040\000L\000I\000C\000E\000N\000S\000E\000.\000m\000d\000\040\000F\000i\000l\000e\000\040\000R\000e\000f\000e\000r\000e\000n\000c\000e}{chapter.12}% 381
\BOOKMARK [1][-]{section.12.21}{\376\377\0001\0002\000.\0002\0001\000\040\000m\000a\000i\000n\000p\000a\000g\000e\000.\000d\000o\000x\000\040\000F\000i\000l\000e\000\040\000R\000e\000f\000e\000r\000e\000n\000c\000e}{chapter.12}% 382
\BOOKMARK [1][-]{section.12.22}{\376\377\0001\0002\000.\0002\0002\000\040\000m\000e\000s\000h\000\137\000f\000o\000u\000r\000i\000e\000r\000\137\000s\000p\000a\000c\000e\000.\000c\000p\000p\000\040\000F\000i\000l\000e\000\040\000R\000e\000f\000e\000r\000e\000n\000c\000e}{chapter.12}% 383
\BOOKMARK [1][-]{section.12.23}{\376\377\0001\0002\000.\0002\0003\000\040\000m\000e\000s\000h\000\137\000f\000o\000u\000r\000i\000e\000r\000\137\000s\000p\000a\000c\000e\000.\000h\000p\000p\000\040\000F\000i\000l\000e\000\040\000R\000e\000f\000e\000r\000e\000n\000c\000e}{chapter.12}% 384
\BOOKMARK [1][-]{section.12.24}{\376\377\0001\0002\000.\0002\0004\000\040\000U\000l\000t\000r\000a\000C\000o\000l\000d\000.\000h\000p\000p\000\040\000F\000i\000l\000e\000\040\000R\000e\000f\000e\000r\000e\000n\000c\000e}{chapter.12}% 385
\BOOKMARK [2][-]{subsection.12.24.1}{\376\377\0001\0002\000.\0002\0004\000.\0001\000\040\000M\000a\000c\000r\000o\000\040\000D\000e\000f\000i\000n\000i\000t\000i\000o\000n\000\040\000D\000o\000c\000u\000m\000e\000n\000t\000a\000t\000i\000o\000n}{section.12.24}% 386
\BOOKMARK [3][-]{subsubsection.12.24.1.1}{\376\377\0001\0002\000.\0002\0004\000.\0001\000.\0001\000\040\000P\000I}{subsection.12.24.1}% 387
\BOOKMARK [3][-]{subsubsection.12.24.1.2}{\376\377\0001\0002\000.\0002\0004\000.\0001\000.\0002\000\040\000T\000W\000O\000P\000I}{subsection.12.24.1}% 388
\BOOKMARK [1][-]{section.12.25}{\376\377\0001\0002\000.\0002\0005\000\040\000v\000e\000c\000t\000o\000r\000.\000c\000p\000p\000\040\000F\000i\000l\000e\000\040\000R\000e\000f\000e\000r\000e\000n\000c\000e}{chapter.12}% 389
\BOOKMARK [1][-]{section.12.26}{\376\377\0001\0002\000.\0002\0006\000\040\000v\000e\000c\000t\000o\000r\000.\000h\000p\000p\000\040\000F\000i\000l\000e\000\040\000R\000e\000f\000e\000r\000e\000n\000c\000e}{chapter.12}% 390
